Watching for file changes with StatReloader
Unauthorized: /api/auth/login/
[31/May/2026 05:52:29] "POST /api/auth/login/ HTTP/1.1" 401 43
[31/May/2026 05:52:29,861] - Broken pipe from ('127.0.0.1', 56952)
[31/May/2026 05:53:35] "POST /api/auth/login/ HTTP/1.1" 200 1483
[31/May/2026 05:53:36] "GET /api/auth/profile/ HTTP/1.1" 200 610
[31/May/2026 05:53:36] "GET /api/auth/my-actions/ HTTP/1.1" 200 527
[31/May/2026 05:54:05] "GET /api/auth/my-actions/ HTTP/1.1" 200 462
C:\Users\HP\Desktop\PFE\isimm-platform\services\auth-service\.venv\Lib\site-packages\django\db\models\fields\__init__.py:1655: RuntimeWarning: DateTimeField User.reset_password_expire received a naive datetime (2026-05-31 06:23:59.781093) while time zone support is active.
  warnings.warn(
[31/May/2026 05:54:46] "POST /api/auth/login/ HTTP/1.1" 200 1557
[31/May/2026 05:54:46] "GET /api/auth/profile/ HTTP/1.1" 200 668
[31/May/2026 05:54:46] "GET /api/auth/my-actions/ HTTP/1.1" 200 527
[31/May/2026 05:57:47] "GET /api/auth/profile/ HTTP/1.1" 200 668
[31/May/2026 05:57:47] "GET /api/auth/my-actions/ HTTP/1.1" 200 527
[31/May/2026 05:58:13] "POST /api/auth/login/ HTTP/1.1" 200 1479
[31/May/2026 05:58:13] "GET /api/auth/my-actions/ HTTP/1.1" 200 462
[31/May/2026 06:19:23] "GET /api/auth/my-actions/ HTTP/1.1" 200 462
[31/May/2026 06:19:26] "GET /api/auth/my-actions/ HTTP/1.1" 200 462
[31/May/2026 06:19:26] "GET /api/auth/profile/ HTTP/1.1" 200 610
[31/May/2026 06:19:27] "GET /api/auth/my-actions/ HTTP/1.1" 200 527
[31/May/2026 06:19:43] "GET /api/auth/my-actions/ HTTP/1.1" 200 462
[31/May/2026 06:19:44] "GET /api/auth/my-actions/ HTTP/1.1" 200 462
[31/May/2026 06:19:44] "GET /api/auth/profile/ HTTP/1.1" 200 610
[31/May/2026 06:19:44] "GET /api/auth/my-actions/ HTTP/1.1" 200 527
[31/May/2026 06:20:01] "GET /api/auth/my-actions/ HTTP/1.1" 200 462
[31/May/2026 06:20:03] "GET /api/auth/profile/ HTTP/1.1" 200 610
[31/May/2026 06:20:03] "GET /api/auth/my-actions/ HTTP/1.1" 200 527
[31/May/2026 06:20:03] "GET /api/auth/my-actions/ HTTP/1.1" 200 462
[31/May/2026 11:42:43] "POST /api/auth/login/ HTTP/1.1" 200 1479
[31/May/2026 11:42:44] "GET /api/auth/my-actions/ HTTP/1.1" 200 462
[31/May/2026 11:43:14] "GET /api/auth/my-actions/ HTTP/1.1" 200 462
[31/May/2026 11:43:26] "POST /api/auth/login/ HTTP/1.1" 200 1483
[31/May/2026 11:43:27] "GET /api/auth/my-actions/ HTTP/1.1" 200 527
[31/May/2026 11:43:28] "GET /api/auth/profile/ HTTP/1.1" 200 610
[31/May/2026 11:48:17] "GET /api/auth/profile/ HTTP/1.1" 200 610
[31/May/2026 11:48:18] "GET /api/auth/my-actions/ HTTP/1.1" 200 527
[31/May/2026 11:48:21] "GET /api/auth/profile/ HTTP/1.1" 200 610
[31/May/2026 11:48:21] "GET /api/auth/my-actions/ HTTP/1.1" 200 527
[31/May/2026 11:48:56] "GET /api/auth/profile/ HTTP/1.1" 200 610
[31/May/2026 11:48:57] "GET /api/auth/my-actions/ HTTP/1.1" 200 527
[31/May/2026 11:48:57] "GET /api/auth/profile/ HTTP/1.1" 200 610
[31/May/2026 11:48:58] "GET /api/auth/my-actions/ HTTP/1.1" 200 527
[31/May/2026 11:50:24] "GET /api/auth/profile/ HTTP/1.1" 200 610
[31/May/2026 11:50:25] "GET /api/auth/my-actions/ HTTP/1.1" 200 527
[31/May/2026 11:50:25] "GET /api/auth/profile/ HTTP/1.1" 200 610
[31/May/2026 11:50:26] "GET /api/auth/my-actions/ HTTP/1.1" 200 527
[31/May/2026 11:51:32] "GET /api/auth/profile/ HTTP/1.1" 200 610
[31/May/2026 11:51:32] "GET /api/auth/my-actions/ HTTP/1.1" 200 527
[31/May/2026 11:51:37] "GET /api/auth/profile/ HTTP/1.1" 200 614
[31/May/2026 11:51:38] "GET /api/auth/my-actions/ HTTP/1.1" 200 527
[31/May/2026 11:52:35] "GET /api/auth/profile/ HTTP/1.1" 200 614
[31/May/2026 11:52:35] "GET /api/auth/my-actions/ HTTP/1.1" 200 527
[31/May/2026 11:52:35] "GET /api/auth/profile/ HTTP/1.1" 200 614
[31/May/2026 11:52:36] "GET /api/auth/my-actions/ HTTP/1.1" 200 527
[31/May/2026 11:56:48] "GET /api/auth/profile/ HTTP/1.1" 200 614
[31/May/2026 11:56:48] "GET /api/auth/my-actions/ HTTP/1.1" 200 527
[31/May/2026 12:21:18] "GET /api/auth/profile/ HTTP/1.1" 200 614
[31/May/2026 12:21:18] "GET /api/auth/my-actions/ HTTP/1.1" 200 527
[31/May/2026 12:21:22] "GET /api/auth/profile/ HTTP/1.1" 200 614
[31/May/2026 12:21:22] "GET /api/auth/my-actions/ HTTP/1.1" 200 527
[31/May/2026 12:21:30] "GET /api/auth/profile/ HTTP/1.1" 200 614
[31/May/2026 12:21:31] "GET /api/auth/my-actions/ HTTP/1.1" 200 527
[31/May/2026 12:21:31] "GET /api/auth/profile/ HTTP/1.1" 200 614
[31/May/2026 12:21:32] "GET /api/auth/my-actions/ HTTP/1.1" 200 527
[31/May/2026 12:24:42] "GET /api/auth/profile/ HTTP/1.1" 200 614
[31/May/2026 12:24:42] "GET /api/auth/my-actions/ HTTP/1.1" 200 527
[31/May/2026 12:24:43] "GET /api/auth/profile/ HTTP/1.1" 200 614
[31/May/2026 12:24:43] "GET /api/auth/my-actions/ HTTP/1.1" 200 527
[31/May/2026 12:27:13] "GET /api/auth/profile/ HTTP/1.1" 200 614
[31/May/2026 12:27:13] "GET /api/auth/my-actions/ HTTP/1.1" 200 527
[31/May/2026 12:27:14] "GET /api/auth/profile/ HTTP/1.1" 200 614
[31/May/2026 12:27:14] "GET /api/auth/my-actions/ HTTP/1.1" 200 527
[31/May/2026 13:48:04] "GET /api/auth/profile/ HTTP/1.1" 200 614
[31/May/2026 13:48:04] "GET /api/auth/my-actions/ HTTP/1.1" 200 527
Unauthorized: /api/auth/login/
[31/May/2026 13:52:37] "POST /api/auth/login/ HTTP/1.1" 401 43
[31/May/2026 13:52:50] "GET /api/auth/verify-token/51ca22d9-5c14-428c-a81c-eb6e1faf1132/ HTTP/1.1" 200 51
Unauthorized: /api/auth/login/
[31/May/2026 13:53:55] "POST /api/auth/login/ HTTP/1.1" 401 43
Unauthorized: /api/auth/login/
[31/May/2026 13:54:21] "POST /api/auth/login/ HTTP/1.1" 401 43
[31/May/2026 14:24:37] "GET /api/auth/verify-token/51ca22d9-5c14-428c-a81c-eb6e1faf1132/ HTTP/1.1" 200 51
[31/May/2026 14:26:57] "GET /api/auth/verify-token/51ca22d9-5c14-428c-a81c-eb6e1faf1132/ HTTP/1.1" 200 51
[31/May/2026 14:32:45] "GET /api/auth/verify-token/51ca22d9-5c14-428c-a81c-eb6e1faf1132/ HTTP/1.1" 200 51
[31/May/2026 14:33:48] "GET /api/auth/verify-token/51ca22d9-5c14-428c-a81c-eb6e1faf1132/ HTTP/1.1" 200 51
[31/May/2026 14:34:37] "GET /api/auth/verify-token/51ca22d9-5c14-428c-a81c-eb6e1faf1132/ HTTP/1.1" 200 51
[31/May/2026 14:45:17] "POST /api/auth/login/ HTTP/1.1" 200 1487
[31/May/2026 14:45:17] "GET /api/auth/profile/ HTTP/1.1" 200 614
[31/May/2026 14:45:17] "GET /api/auth/my-actions/ HTTP/1.1" 200 527
[31/May/2026 15:15:25] "POST /api/auth/login/ HTTP/1.1" 200 1479
[31/May/2026 15:15:25] "GET /api/auth/my-actions/ HTTP/1.1" 200 462
[31/May/2026 15:54:03] "GET /api/auth/my-actions/ HTTP/1.1" 200 462
[31/May/2026 16:50:54] "GET /api/auth/my-actions/ HTTP/1.1" 200 462
[31/May/2026 16:50:54] "GET /api/auth/verify-token/51ca22d9-5c14-428c-a81c-eb6e1faf1132/ HTTP/1.1" 200 51
[31/May/2026 17:17:26] "GET /api/auth/my-actions/ HTTP/1.1" 200 462
[31/May/2026 17:17:36] "GET /api/auth/verify-token/51ca22d9-5c14-428c-a81c-eb6e1faf1132/ HTTP/1.1" 200 51
[31/May/2026 17:18:21] "GET /api/auth/verify-token/51ca22d9-5c14-428c-a81c-eb6e1faf1132/ HTTP/1.1" 200 51
[31/May/2026 17:18:21] "GET /api/auth/my-actions/ HTTP/1.1" 200 462
[31/May/2026 17:18:49] "GET /api/auth/my-actions/ HTTP/1.1" 200 462
[31/May/2026 17:18:49] "GET /api/auth/verify-token/51ca22d9-5c14-428c-a81c-eb6e1faf1132/ HTTP/1.1" 200 51
[31/May/2026 17:19:17] "GET /api/auth/my-actions/ HTTP/1.1" 200 462
[31/May/2026 17:19:17] "GET /api/auth/verify-token/51ca22d9-5c14-428c-a81c-eb6e1faf1132/ HTTP/1.1" 200 51
[31/May/2026 17:20:00] "GET /api/auth/my-actions/ HTTP/1.1" 200 462
[31/May/2026 17:20:00] "GET /api/auth/verify-token/51ca22d9-5c14-428c-a81c-eb6e1faf1132/ HTTP/1.1" 200 51
[31/May/2026 17:38:01] "GET /api/auth/my-actions/ HTTP/1.1" 200 462
[01/Jun/2026 04:28:20] "POST /api/auth/login/ HTTP/1.1" 200 1479
[01/Jun/2026 04:28:20] "GET /api/auth/my-actions/ HTTP/1.1" 200 462
[01/Jun/2026 04:39:52] "POST /api/auth/login/ HTTP/1.1" 200 1487
[01/Jun/2026 04:39:52] "GET /api/auth/profile/ HTTP/1.1" 200 614
[01/Jun/2026 04:39:52] "GET /api/auth/my-actions/ HTTP/1.1" 200 527
[01/Jun/2026 05:01:20] "GET /api/auth/profile/ HTTP/1.1" 200 614
[01/Jun/2026 05:01:20] "GET /api/auth/my-actions/ HTTP/1.1" 200 527
[01/Jun/2026 05:01:21] "GET /api/auth/profile/ HTTP/1.1" 200 614
[01/Jun/2026 05:01:21] "GET /api/auth/my-actions/ HTTP/1.1" 200 527
[01/Jun/2026 05:01:51] "GET /api/auth/my-actions/ HTTP/1.1" 200 527
[01/Jun/2026 05:01:51] "GET /api/auth/profile/ HTTP/1.1" 200 614
[01/Jun/2026 05:01:52] "GET /api/auth/profile/ HTTP/1.1" 200 614
[01/Jun/2026 05:01:52] "GET /api/auth/my-actions/ HTTP/1.1" 200 527
[01/Jun/2026 05:03:58] "GET /api/auth/profile/ HTTP/1.1" 200 614
[01/Jun/2026 05:03:58] "GET /api/auth/my-actions/ HTTP/1.1" 200 527
[01/Jun/2026 05:03:59] "GET /api/auth/profile/ HTTP/1.1" 200 614
[01/Jun/2026 05:03:59] "GET /api/auth/my-actions/ HTTP/1.1" 200 527
[01/Jun/2026 05:25:00] "POST /api/auth/login/ HTTP/1.1" 200 1479
[01/Jun/2026 05:25:01] "GET /api/auth/my-actions/ HTTP/1.1" 200 462
[01/Jun/2026 05:27:12] "GET /api/auth/my-actions/ HTTP/1.1" 200 462
[01/Jun/2026 05:27:12] "GET /api/auth/my-actions/ HTTP/1.1" 200 462
[01/Jun/2026 05:43:49] "GET /api/auth/my-actions/ HTTP/1.1" 200 462
[01/Jun/2026 05:44:45] "GET /api/auth/my-actions/ HTTP/1.1" 200 462
[01/Jun/2026 06:26:14] "GET /api/auth/my-actions/ HTTP/1.1" 200 462
[01/Jun/2026 06:26:26] "GET /api/auth/my-actions/ HTTP/1.1" 200 462
[01/Jun/2026 07:38:41] "GET /api/auth/my-actions/ HTTP/1.1" 200 462
[01/Jun/2026 07:38:44] "GET /api/auth/my-actions/ HTTP/1.1" 200 462
[01/Jun/2026 07:38:46] "GET /api/auth/my-actions/ HTTP/1.1" 200 462
[01/Jun/2026 07:56:41] "GET /api/auth/my-actions/ HTTP/1.1" 200 462
[01/Jun/2026 07:56:43] "GET /api/auth/my-actions/ HTTP/1.1" 200 462
[01/Jun/2026 07:56:49] "GET /api/auth/my-actions/ HTTP/1.1" 200 462
[01/Jun/2026 07:57:12] "GET /api/auth/my-actions/ HTTP/1.1" 200 462
[01/Jun/2026 07:57:15] "GET /api/auth/my-actions/ HTTP/1.1" 200 462
[01/Jun/2026 07:57:17] "GET /api/auth/my-actions/ HTTP/1.1" 200 462
[01/Jun/2026 07:57:35] "GET /api/auth/my-actions/ HTTP/1.1" 200 462
[01/Jun/2026 07:57:37] "GET /api/auth/my-actions/ HTTP/1.1" 200 462
[01/Jun/2026 07:57:45] "GET /api/auth/my-actions/ HTTP/1.1" 200 462
[01/Jun/2026 07:58:08] "GET /api/auth/my-actions/ HTTP/1.1" 200 462
[01/Jun/2026 07:58:09] "GET /api/auth/my-actions/ HTTP/1.1" 200 462
[01/Jun/2026 07:58:16] "GET /api/auth/my-actions/ HTTP/1.1" 200 462
[01/Jun/2026 07:58:36] "GET /api/auth/my-actions/ HTTP/1.1" 200 462
[01/Jun/2026 07:58:37] "GET /api/auth/my-actions/ HTTP/1.1" 200 462
[01/Jun/2026 07:58:39] "GET /api/auth/my-actions/ HTTP/1.1" 200 462
[01/Jun/2026 07:58:56] "GET /api/auth/my-actions/ HTTP/1.1" 200 462
[01/Jun/2026 07:58:59] "GET /api/auth/my-actions/ HTTP/1.1" 200 462
[01/Jun/2026 07:59:04] "GET /api/auth/my-actions/ HTTP/1.1" 200 462
[01/Jun/2026 08:04:04] "GET /api/auth/my-actions/ HTTP/1.1" 200 462
[01/Jun/2026 08:04:05] "GET /api/auth/my-actions/ HTTP/1.1" 200 462
[01/Jun/2026 08:04:06] "GET /api/auth/my-actions/ HTTP/1.1" 200 462
[01/Jun/2026 08:18:48] "GET /api/auth/my-actions/ HTTP/1.1" 200 462
[01/Jun/2026 08:18:50] "GET /api/auth/my-actions/ HTTP/1.1" 200 462
[01/Jun/2026 08:18:51] "GET /api/auth/my-actions/ HTTP/1.1" 200 462
[01/Jun/2026 08:39:41] "GET /api/auth/my-actions/ HTTP/1.1" 200 462
[01/Jun/2026 16:41:22] "POST /api/auth/login/ HTTP/1.1" 200 1479
[01/Jun/2026 16:41:22] "GET /api/auth/my-actions/ HTTP/1.1" 200 462
[01/Jun/2026 16:41:42] "GET /api/auth/my-actions/ HTTP/1.1" 200 462
[01/Jun/2026 16:41:43] "GET /api/auth/my-actions/ HTTP/1.1" 200 462
[01/Jun/2026 16:41:52] "POST /api/auth/login/ HTTP/1.1" 200 1487
[01/Jun/2026 16:41:52] "GET /api/auth/profile/ HTTP/1.1" 200 614
[01/Jun/2026 16:41:53] "GET /api/auth/my-actions/ HTTP/1.1" 200 527
[01/Jun/2026 17:24:34] "GET /api/auth/profile/ HTTP/1.1" 200 614
[01/Jun/2026 17:24:35] "GET /api/auth/my-actions/ HTTP/1.1" 200 527
[01/Jun/2026 17:25:15] "POST /api/auth/login/ HTTP/1.1" 200 1355
[01/Jun/2026 17:25:15] "GET /api/auth/profile/ HTTP/1.1" 200 576
[01/Jun/2026 17:25:16] "GET /api/auth/my-actions/ HTTP/1.1" 200 414
Unauthorized: /api/auth/login/
[01/Jun/2026 18:30:44] "POST /api/auth/login/ HTTP/1.1" 401 43
Bad Request: /api/auth/login/
[01/Jun/2026 18:34:35] "POST /api/auth/login/ HTTP/1.1" 400 40
[01/Jun/2026 18:34:35,620] - Broken pipe from ('127.0.0.1', 60522)
[01/Jun/2026 18:40:40] "POST /api/auth/login/ HTTP/1.1" 200 1413
[01/Jun/2026 18:40:42] "GET /api/auth/profile/ HTTP/1.1" 200 591
[01/Jun/2026 18:40:42] "GET /api/auth/my-actions/ HTTP/1.1" 200 414
[01/Jun/2026 18:43:27] "POST /api/auth/login/ HTTP/1.1" 200 1413
[01/Jun/2026 18:43:28] "GET /api/auth/profile/ HTTP/1.1" 200 591
[01/Jun/2026 18:43:28] "GET /api/auth/my-actions/ HTTP/1.1" 200 414
[01/Jun/2026 18:44:00] "GET /api/auth/profile/ HTTP/1.1" 200 591
[01/Jun/2026 18:44:01] "GET /api/auth/my-actions/ HTTP/1.1" 200 414
[01/Jun/2026 19:13:23] "GET /api/auth/profile/ HTTP/1.1" 200 591
[01/Jun/2026 19:13:23] "GET /api/auth/my-actions/ HTTP/1.1" 200 414
[01/Jun/2026 19:13:38] "POST /api/auth/login/ HTTP/1.1" 200 1487
[01/Jun/2026 19:13:38] "GET /api/auth/profile/ HTTP/1.1" 200 614
[01/Jun/2026 19:13:39] "GET /api/auth/my-actions/ HTTP/1.1" 200 527
[01/Jun/2026 19:14:25] "GET /api/auth/profile/ HTTP/1.1" 200 614
[01/Jun/2026 19:14:25] "GET /api/auth/my-actions/ HTTP/1.1" 200 527
Unauthorized: /api/auth/login/
[01/Jun/2026 19:14:59] "POST /api/auth/login/ HTTP/1.1" 401 43
[01/Jun/2026 19:15:27] "POST /api/auth/login/ HTTP/1.1" 200 1413
[01/Jun/2026 19:15:27] "GET /api/auth/profile/ HTTP/1.1" 200 591
[01/Jun/2026 19:15:28] "GET /api/auth/my-actions/ HTTP/1.1" 200 414
Unauthorized: /api/auth/login/
[01/Jun/2026 19:19:05] "POST /api/auth/login/ HTTP/1.1" 401 43
Unauthorized: /api/auth/login/
[01/Jun/2026 19:21:03] "POST /api/auth/login/ HTTP/1.1" 401 43
[01/Jun/2026 19:21:19] "POST /api/auth/login/ HTTP/1.1" 200 1487
[01/Jun/2026 19:21:20] "GET /api/auth/profile/ HTTP/1.1" 200 614
[01/Jun/2026 19:21:20] "GET /api/auth/my-actions/ HTTP/1.1" 200 527
[01/Jun/2026 19:28:34] "POST /api/auth/login/ HTTP/1.1" 200 1479
[01/Jun/2026 19:28:34] "GET /api/auth/my-actions/ HTTP/1.1" 200 462
[01/Jun/2026 20:17:24] "POST /api/auth/login/ HTTP/1.1" 200 1487
[01/Jun/2026 20:17:24] "GET /api/auth/profile/ HTTP/1.1" 200 614
[01/Jun/2026 20:18:15] "POST /api/auth/login/ HTTP/1.1" 200 1487
[01/Jun/2026 20:18:15] "GET /api/auth/profile/ HTTP/1.1" 200 614
[01/Jun/2026 20:18:15] "GET /api/auth/my-actions/ HTTP/1.1" 200 527
[01/Jun/2026 20:40:36] "GET /api/auth/profile/ HTTP/1.1" 200 614
[01/Jun/2026 20:40:36] "GET /api/auth/my-actions/ HTTP/1.1" 200 527
[01/Jun/2026 20:40:42] "GET /api/auth/my-actions/ HTTP/1.1" 200 527
[01/Jun/2026 20:40:42] "GET /api/auth/profile/ HTTP/1.1" 200 614
[01/Jun/2026 20:40:46] "GET /api/auth/my-actions/ HTTP/1.1" 200 527
[01/Jun/2026 20:40:47] "GET /api/auth/profile/ HTTP/1.1" 200 614
[01/Jun/2026 20:41:45] "GET /api/auth/profile/ HTTP/1.1" 200 614
[01/Jun/2026 20:41:45] "GET /api/auth/my-actions/ HTTP/1.1" 200 527
[01/Jun/2026 20:41:45] "GET /api/auth/my-actions/ HTTP/1.1" 200 527
[01/Jun/2026 20:41:46] "GET /api/auth/profile/ HTTP/1.1" 200 614
[01/Jun/2026 20:41:46] "GET /api/auth/my-actions/ HTTP/1.1" 200 527
[01/Jun/2026 20:41:46] "GET /api/auth/profile/ HTTP/1.1" 200 614
[01/Jun/2026 20:42:53] "GET /api/auth/my-actions/ HTTP/1.1" 200 527
[01/Jun/2026 20:42:54] "GET /api/auth/profile/ HTTP/1.1" 200 614
[01/Jun/2026 20:42:54] "GET /api/auth/profile/ HTTP/1.1" 200 614
[01/Jun/2026 20:42:54] "GET /api/auth/my-actions/ HTTP/1.1" 200 527
[01/Jun/2026 20:42:56] "GET /api/auth/my-actions/ HTTP/1.1" 200 527
[01/Jun/2026 20:42:57] "GET /api/auth/profile/ HTTP/1.1" 200 614
[01/Jun/2026 21:30:17] "POST /api/auth/login/ HTTP/1.1" 200 1413
[01/Jun/2026 22:19:42] "POST /api/auth/login/ HTTP/1.1" 200 1487
[01/Jun/2026 22:20:30] "POST /api/auth/login/ HTTP/1.1" 200 1413
[01/Jun/2026 22:24:18] "POST /api/auth/login/ HTTP/1.1" 200 1487
[01/Jun/2026 22:26:09] "GET /api/auth/my-actions/ HTTP/1.1" 200 527
[01/Jun/2026 22:26:09] "GET /api/auth/profile/ HTTP/1.1" 200 614
[01/Jun/2026 22:26:49] "GET /api/auth/profile/ HTTP/1.1" 200 614
[01/Jun/2026 22:26:50] "GET /api/auth/my-actions/ HTTP/1.1" 200 527
[01/Jun/2026 22:28:35] "POST /api/auth/login/ HTTP/1.1" 200 1413
[01/Jun/2026 22:28:36] "GET /api/auth/profile/ HTTP/1.1" 200 591
[01/Jun/2026 22:28:36] "GET /api/auth/my-actions/ HTTP/1.1" 200 414
[01/Jun/2026 22:28:45] "GET /api/auth/profile/ HTTP/1.1" 200 591
[01/Jun/2026 22:28:45] "GET /api/auth/my-actions/ HTTP/1.1" 200 414
[01/Jun/2026 22:30:43] "GET /api/auth/profile/ HTTP/1.1" 200 591
[01/Jun/2026 22:30:44] "GET /api/auth/my-actions/ HTTP/1.1" 200 414
[01/Jun/2026 22:31:06] "GET /api/auth/profile/ HTTP/1.1" 200 591
[01/Jun/2026 22:31:07] "GET /api/auth/my-actions/ HTTP/1.1" 200 414
[01/Jun/2026 22:31:41] "GET /api/auth/profile/ HTTP/1.1" 200 591
[01/Jun/2026 22:31:42] "GET /api/auth/my-actions/ HTTP/1.1" 200 414
[01/Jun/2026 23:20:23] "GET /api/auth/profile/ HTTP/1.1" 200 591
[01/Jun/2026 23:20:24] "GET /api/auth/my-actions/ HTTP/1.1" 200 414
[01/Jun/2026 23:21:02] "GET /api/auth/profile/ HTTP/1.1" 200 591
[01/Jun/2026 23:21:02] "GET /api/auth/my-actions/ HTTP/1.1" 200 414
[01/Jun/2026 23:21:16] "POST /api/auth/login/ HTTP/1.1" 200 1479
[01/Jun/2026 23:21:17] "GET /api/auth/my-actions/ HTTP/1.1" 200 462
[01/Jun/2026 23:37:30] "GET /api/auth/my-actions/ HTTP/1.1" 200 462
[01/Jun/2026 23:37:42] "POST /api/auth/login/ HTTP/1.1" 200 1487
[01/Jun/2026 23:37:42] "GET /api/auth/profile/ HTTP/1.1" 200 614
[01/Jun/2026 23:37:43] "GET /api/auth/my-actions/ HTTP/1.1" 200 527
[02/Jun/2026 00:18:31] "GET /api/auth/my-actions/ HTTP/1.1" 200 527
[02/Jun/2026 00:18:31] "GET /api/auth/profile/ HTTP/1.1" 200 614
[02/Jun/2026 00:18:40] "GET /api/auth/profile/ HTTP/1.1" 200 614
[02/Jun/2026 00:18:40] "GET /api/auth/my-actions/ HTTP/1.1" 200 527
[02/Jun/2026 00:18:57] "GET /api/auth/profile/ HTTP/1.1" 200 614
[02/Jun/2026 00:18:57] "GET /api/auth/my-actions/ HTTP/1.1" 200 527
[02/Jun/2026 00:21:16] "GET /api/auth/profile/ HTTP/1.1" 200 614
[02/Jun/2026 00:21:16] "GET /api/auth/my-actions/ HTTP/1.1" 200 527
[02/Jun/2026 00:21:17] "GET /api/auth/profile/ HTTP/1.1" 200 614
[02/Jun/2026 00:21:17] "GET /api/auth/my-actions/ HTTP/1.1" 200 527
[02/Jun/2026 00:21:18] "GET /api/auth/profile/ HTTP/1.1" 200 614
[02/Jun/2026 00:21:18] "GET /api/auth/my-actions/ HTTP/1.1" 200 527
[02/Jun/2026 00:28:40] "GET /api/auth/profile/ HTTP/1.1" 200 614
[02/Jun/2026 00:28:40] "GET /api/auth/my-actions/ HTTP/1.1" 200 527
[02/Jun/2026 00:28:40] "GET /api/auth/profile/ HTTP/1.1" 200 614
[02/Jun/2026 00:28:40] "GET /api/auth/my-actions/ HTTP/1.1" 200 527
[02/Jun/2026 00:28:40] "GET /api/auth/profile/ HTTP/1.1" 200 614
[02/Jun/2026 00:28:41] "GET /api/auth/my-actions/ HTTP/1.1" 200 527
[02/Jun/2026 00:30:30] "POST /api/auth/login/ HTTP/1.1" 200 1487
[02/Jun/2026 00:41:50] "POST /api/auth/login/ HTTP/1.1" 200 1487
[02/Jun/2026 00:41:59] "GET /api/auth/profile/ HTTP/1.1" 200 614
[02/Jun/2026 00:41:59] "GET /api/auth/my-actions/ HTTP/1.1" 200 527
[02/Jun/2026 00:47:40] "POST /api/auth/login/ HTTP/1.1" 200 1487
[02/Jun/2026 01:13:29] "GET /api/auth/my-actions/ HTTP/1.1" 200 527
[02/Jun/2026 01:13:29] "GET /api/auth/profile/ HTTP/1.1" 200 614
[02/Jun/2026 01:15:21] "GET /api/auth/profile/ HTTP/1.1" 200 614
[02/Jun/2026 01:15:21] "GET /api/auth/my-actions/ HTTP/1.1" 200 527
[02/Jun/2026 01:18:44] "GET /api/auth/profile/ HTTP/1.1" 200 614
[02/Jun/2026 01:18:44] "GET /api/auth/my-actions/ HTTP/1.1" 200 527
[02/Jun/2026 01:23:36] "POST /api/auth/login/ HTTP/1.1" 200 1479
[02/Jun/2026 01:23:37] "GET /api/auth/my-actions/ HTTP/1.1" 200 462
[02/Jun/2026 02:38:00] "POST /api/auth/login/ HTTP/1.1" 200 1479
[02/Jun/2026 02:38:01] "GET /api/auth/my-actions/ HTTP/1.1" 200 462
[02/Jun/2026 02:56:04] "GET /api/auth/my-actions/ HTTP/1.1" 200 462
[02/Jun/2026 02:56:05] "GET /api/auth/my-actions/ HTTP/1.1" 200 462
[02/Jun/2026 02:56:12] "GET /api/auth/my-actions/ HTTP/1.1" 200 462
[02/Jun/2026 02:56:12] "GET /api/auth/my-actions/ HTTP/1.1" 200 462
[02/Jun/2026 02:59:00] "GET /api/auth/my-actions/ HTTP/1.1" 200 462
[02/Jun/2026 02:59:08] "GET /api/auth/my-actions/ HTTP/1.1" 200 462
[02/Jun/2026 02:59:09] "GET /api/auth/my-actions/ HTTP/1.1" 200 462
[02/Jun/2026 02:59:10] "GET /api/auth/my-actions/ HTTP/1.1" 200 462
[02/Jun/2026 03:30:30] "POST /api/auth/login/ HTTP/1.1" 200 1487
[02/Jun/2026 03:36:36] "POST /api/auth/login/ HTTP/1.1" 200 1487
[02/Jun/2026 03:36:36] "GET /api/auth/profile/ HTTP/1.1" 200 614
[02/Jun/2026 03:36:37] "GET /api/auth/my-actions/ HTTP/1.1" 200 527
[02/Jun/2026 03:37:21] "GET /api/auth/profile/ HTTP/1.1" 200 614
[02/Jun/2026 03:37:21] "GET /api/auth/my-actions/ HTTP/1.1" 200 527
[02/Jun/2026 03:48:18] "GET /api/auth/profile/ HTTP/1.1" 200 614
[02/Jun/2026 03:48:18] "GET /api/auth/my-actions/ HTTP/1.1" 200 527
[02/Jun/2026 03:48:18] "GET /api/auth/profile/ HTTP/1.1" 200 614
[02/Jun/2026 03:48:18] "GET /api/auth/my-actions/ HTTP/1.1" 200 527
[02/Jun/2026 03:48:19] "GET /api/auth/profile/ HTTP/1.1" 200 614
[02/Jun/2026 03:48:19] "GET /api/auth/my-actions/ HTTP/1.1" 200 527
[02/Jun/2026 03:50:11] "GET /api/auth/profile/ HTTP/1.1" 200 614
[02/Jun/2026 03:50:12] "GET /api/auth/my-actions/ HTTP/1.1" 200 527
[02/Jun/2026 03:50:12] "GET /api/auth/profile/ HTTP/1.1" 200 614
[02/Jun/2026 03:50:12] "GET /api/auth/my-actions/ HTTP/1.1" 200 527
[02/Jun/2026 03:50:13] "GET /api/auth/profile/ HTTP/1.1" 200 614
[02/Jun/2026 03:50:13] "GET /api/auth/my-actions/ HTTP/1.1" 200 527
[02/Jun/2026 03:54:30] "GET /api/auth/profile/ HTTP/1.1" 200 614
[02/Jun/2026 03:54:30] "GET /api/auth/my-actions/ HTTP/1.1" 200 527
[02/Jun/2026 03:54:30] "GET /api/auth/profile/ HTTP/1.1" 200 614
[02/Jun/2026 03:54:31] "GET /api/auth/my-actions/ HTTP/1.1" 200 527
[02/Jun/2026 03:54:31] "GET /api/auth/profile/ HTTP/1.1" 200 614
[02/Jun/2026 03:54:31] "GET /api/auth/my-actions/ HTTP/1.1" 200 527
[02/Jun/2026 04:23:44] "POST /api/auth/login/ HTTP/1.1" 200 1487
[02/Jun/2026 04:26:42] "GET /api/auth/profile/ HTTP/1.1" 200 614
[02/Jun/2026 04:26:42] "GET /api/auth/my-actions/ HTTP/1.1" 200 527
[02/Jun/2026 04:26:49] "POST /api/auth/login/ HTTP/1.1" 200 1487
[02/Jun/2026 04:26:49] "GET /api/auth/profile/ HTTP/1.1" 200 614
[02/Jun/2026 04:26:50] "GET /api/auth/my-actions/ HTTP/1.1" 200 527
[02/Jun/2026 04:43:29] "GET /api/auth/profile/ HTTP/1.1" 200 614
[02/Jun/2026 04:43:29] "GET /api/auth/my-actions/ HTTP/1.1" 200 527
[02/Jun/2026 04:57:39] "GET /api/auth/profile/ HTTP/1.1" 200 614
[02/Jun/2026 04:57:39] "GET /api/auth/my-actions/ HTTP/1.1" 200 527
[02/Jun/2026 04:57:39] "GET /api/auth/profile/ HTTP/1.1" 200 614
[02/Jun/2026 04:57:41] "GET /api/auth/my-actions/ HTTP/1.1" 200 527
[02/Jun/2026 04:57:46] "GET /api/auth/profile/ HTTP/1.1" 200 614
[02/Jun/2026 04:57:46] "GET /api/auth/my-actions/ HTTP/1.1" 200 527
[02/Jun/2026 05:02:14] "GET /api/auth/profile/ HTTP/1.1" 200 614
[02/Jun/2026 05:02:14] "GET /api/auth/my-actions/ HTTP/1.1" 200 527
[02/Jun/2026 05:02:15] "GET /api/auth/profile/ HTTP/1.1" 200 614
[02/Jun/2026 05:02:15] "GET /api/auth/my-actions/ HTTP/1.1" 200 527
[02/Jun/2026 05:02:19] "GET /api/auth/profile/ HTTP/1.1" 200 614
[02/Jun/2026 05:02:19] "GET /api/auth/my-actions/ HTTP/1.1" 200 527
[02/Jun/2026 05:07:52] "GET /api/auth/profile/ HTTP/1.1" 200 614
[02/Jun/2026 05:07:52] "GET /api/auth/my-actions/ HTTP/1.1" 200 527
[02/Jun/2026 05:08:00] "GET /api/auth/profile/ HTTP/1.1" 200 614
[02/Jun/2026 05:08:01] "GET /api/auth/my-actions/ HTTP/1.1" 200 527
[02/Jun/2026 05:08:01] "GET /api/auth/profile/ HTTP/1.1" 200 614
[02/Jun/2026 05:08:01] "GET /api/auth/my-actions/ HTTP/1.1" 200 527
[02/Jun/2026 05:09:16] "GET /api/auth/profile/ HTTP/1.1" 200 614
[02/Jun/2026 05:09:16] "GET /api/auth/my-actions/ HTTP/1.1" 200 527
[02/Jun/2026 05:09:17] "GET /api/auth/profile/ HTTP/1.1" 200 614
[02/Jun/2026 05:09:17] "GET /api/auth/my-actions/ HTTP/1.1" 200 527
[02/Jun/2026 05:09:19] "GET /api/auth/profile/ HTTP/1.1" 200 614
[02/Jun/2026 05:09:19] "GET /api/auth/my-actions/ HTTP/1.1" 200 527
[02/Jun/2026 06:10:56] "GET /api/auth/profile/ HTTP/1.1" 200 614
[02/Jun/2026 06:10:57] "GET /api/auth/my-actions/ HTTP/1.1" 200 527
[02/Jun/2026 06:10:57] "GET /api/auth/profile/ HTTP/1.1" 200 614
[02/Jun/2026 06:10:57] "GET /api/auth/my-actions/ HTTP/1.1" 200 527
[02/Jun/2026 06:11:00] "GET /api/auth/profile/ HTTP/1.1" 200 614
[02/Jun/2026 06:11:00] "GET /api/auth/my-actions/ HTTP/1.1" 200 527
[02/Jun/2026 06:16:42] "POST /api/auth/login/ HTTP/1.1" 200 1479
[02/Jun/2026 06:16:43] "GET /api/auth/my-actions/ HTTP/1.1" 200 462
[02/Jun/2026 06:48:57] "POST /api/auth/login/ HTTP/1.1" 200 1487
[02/Jun/2026 06:49:16] "GET /api/auth/my-actions/ HTTP/1.1" 200 462
[02/Jun/2026 06:49:16] "GET /api/auth/my-actions/ HTTP/1.1" 200 462
[02/Jun/2026 06:58:42] "GET /api/auth/my-actions/ HTTP/1.1" 200 462
[02/Jun/2026 06:58:43] "GET /api/auth/my-actions/ HTTP/1.1" 200 462
Unauthorized: /api/auth/login/
[02/Jun/2026 14:26:36] "POST /api/auth/login/ HTTP/1.1" 401 43
Unauthorized: /api/auth/login/
[02/Jun/2026 14:27:17] "POST /api/auth/login/ HTTP/1.1" 401 43
[02/Jun/2026 14:43:01] "POST /api/auth/login/ HTTP/1.1" 200 1479
[02/Jun/2026 14:43:05] "POST /api/auth/login/ HTTP/1.1" 200 1487
[02/Jun/2026 14:43:09] "POST /api/auth/login/ HTTP/1.1" 200 1413
Unauthorized: /api/auth/login/
[02/Jun/2026 14:45:41] "POST /api/auth/login/ HTTP/1.1" 401 43
[02/Jun/2026 14:45:50] "POST /api/auth/login/ HTTP/1.1" 200 1487
[02/Jun/2026 14:45:51] "GET /api/auth/profile/ HTTP/1.1" 200 614
[02/Jun/2026 14:45:51] "GET /api/auth/my-actions/ HTTP/1.1" 200 527
[02/Jun/2026 14:49:17] "POST /api/auth/login/ HTTP/1.1" 200 1487
[02/Jun/2026 15:11:58] "POST /api/auth/login/ HTTP/1.1" 200 1487
Unauthorized: /api/auth/login/
[02/Jun/2026 15:14:33] "POST /api/auth/login/ HTTP/1.1" 401 43
[02/Jun/2026 15:15:06] "POST /api/auth/login/ HTTP/1.1" 200 1479
[02/Jun/2026 15:15:07] "GET /api/auth/my-actions/ HTTP/1.1" 200 462
[02/Jun/2026 15:15:32] "GET /api/auth/my-actions/ HTTP/1.1" 200 462
[02/Jun/2026 15:15:50] "POST /api/auth/login/ HTTP/1.1" 200 1487
[02/Jun/2026 15:15:51] "GET /api/auth/profile/ HTTP/1.1" 200 614
[02/Jun/2026 15:15:51] "GET /api/auth/my-actions/ HTTP/1.1" 200 527
[02/Jun/2026 15:16:14] "GET /api/auth/profile/ HTTP/1.1" 200 614
[02/Jun/2026 15:16:14] "GET /api/auth/my-actions/ HTTP/1.1" 200 527
[02/Jun/2026 15:16:35] "GET /api/auth/profile/ HTTP/1.1" 200 614
[02/Jun/2026 15:16:35] "GET /api/auth/my-actions/ HTTP/1.1" 200 527
[02/Jun/2026 15:16:51] "POST /api/auth/login/ HTTP/1.1" 200 1479
[02/Jun/2026 15:16:51] "GET /api/auth/my-actions/ HTTP/1.1" 200 462
[02/Jun/2026 15:22:50] "POST /api/auth/login/ HTTP/1.1" 200 1487
[02/Jun/2026 15:28:44] "POST /api/auth/login/ HTTP/1.1" 200 1479
[02/Jun/2026 15:30:02] "GET /api/auth/my-actions/ HTTP/1.1" 200 462
[02/Jun/2026 15:30:02] "GET /api/auth/my-actions/ HTTP/1.1" 200 462
Method Not Allowed: /api/auth/login/
[02/Jun/2026 15:30:03] "GET /api/auth/login/ HTTP/1.1" 405 49
[02/Jun/2026 15:30:55] "POST /api/auth/login/ HTTP/1.1" 200 1479
[02/Jun/2026 15:32:00] "POST /api/auth/login/ HTTP/1.1" 200 1479
[02/Jun/2026 15:33:00] "POST /api/auth/login/ HTTP/1.1" 200 1479
[02/Jun/2026 15:39:49] "POST /api/auth/login/ HTTP/1.1" 200 1487
[02/Jun/2026 15:51:00] "GET /api/auth/my-actions/ HTTP/1.1" 200 462
[02/Jun/2026 15:51:19] "POST /api/auth/login/ HTTP/1.1" 200 1487
[02/Jun/2026 15:51:20] "GET /api/auth/profile/ HTTP/1.1" 200 614
[02/Jun/2026 15:51:20] "GET /api/auth/my-actions/ HTTP/1.1" 200 527
[02/Jun/2026 15:51:43] "GET /api/auth/profile/ HTTP/1.1" 200 614
[02/Jun/2026 15:51:43] "GET /api/auth/my-actions/ HTTP/1.1" 200 527
[02/Jun/2026 15:54:04] "POST /api/auth/login/ HTTP/1.1" 200 1355
[02/Jun/2026 15:54:04] "GET /api/auth/profile/ HTTP/1.1" 200 576
[02/Jun/2026 15:54:04] "GET /api/auth/my-actions/ HTTP/1.1" 200 414
[02/Jun/2026 15:54:28] "POST /api/auth/login/ HTTP/1.1" 200 1413
[02/Jun/2026 15:54:28] "GET /api/auth/profile/ HTTP/1.1" 200 591
[02/Jun/2026 15:54:28] "GET /api/auth/my-actions/ HTTP/1.1" 200 414
[02/Jun/2026 15:56:46] "POST /api/auth/login/ HTTP/1.1" 200 1487
[02/Jun/2026 15:56:46] "GET /api/auth/profile/ HTTP/1.1" 200 614
[02/Jun/2026 15:56:46] "GET /api/auth/my-actions/ HTTP/1.1" 200 527
[02/Jun/2026 16:03:09] "GET /api/auth/profile/ HTTP/1.1" 200 614
[02/Jun/2026 16:03:09] "GET /api/auth/my-actions/ HTTP/1.1" 200 527
[02/Jun/2026 16:03:09] "GET /api/auth/profile/ HTTP/1.1" 200 614
[02/Jun/2026 16:03:09] "GET /api/auth/my-actions/ HTTP/1.1" 200 527
[02/Jun/2026 16:07:49] "POST /api/auth/login/ HTTP/1.1" 200 1487
[02/Jun/2026 16:28:22] "POST /api/auth/login/ HTTP/1.1" 200 1413
[02/Jun/2026 16:28:23] "GET /api/auth/my-actions/ HTTP/1.1" 200 414
[02/Jun/2026 16:28:23] "GET /api/auth/profile/ HTTP/1.1" 200 591
[02/Jun/2026 16:28:58] "POST /api/auth/login/ HTTP/1.1" 200 1487
[02/Jun/2026 16:29:00] "GET /api/auth/profile/ HTTP/1.1" 200 614
[02/Jun/2026 16:29:01] "GET /api/auth/my-actions/ HTTP/1.1" 200 527
[02/Jun/2026 16:44:33] "GET /api/auth/profile/ HTTP/1.1" 200 614
[02/Jun/2026 16:44:34] "GET /api/auth/my-actions/ HTTP/1.1" 200 527
[02/Jun/2026 16:44:39] "GET /api/auth/profile/ HTTP/1.1" 200 614
[02/Jun/2026 16:44:39] "GET /api/auth/my-actions/ HTTP/1.1" 200 527
[02/Jun/2026 16:54:35] "GET /api/auth/my-actions/ HTTP/1.1" 200 527
[02/Jun/2026 16:54:35] "GET /api/auth/profile/ HTTP/1.1" 200 614
[02/Jun/2026 16:54:41] "GET /api/auth/profile/ HTTP/1.1" 200 614
[02/Jun/2026 16:54:42] "GET /api/auth/my-actions/ HTTP/1.1" 200 527
[02/Jun/2026 17:02:02] "GET /api/auth/my-actions/ HTTP/1.1" 200 527
[02/Jun/2026 17:02:02] "GET /api/auth/profile/ HTTP/1.1" 200 614
[02/Jun/2026 17:02:03] "GET /api/auth/profile/ HTTP/1.1" 200 614
[02/Jun/2026 17:02:03] "GET /api/auth/my-actions/ HTTP/1.1" 200 527
[02/Jun/2026 17:15:57] "GET /api/auth/profile/ HTTP/1.1" 200 614
[02/Jun/2026 17:15:57] "GET /api/auth/my-actions/ HTTP/1.1" 200 527
[02/Jun/2026 17:15:57] "GET /api/auth/profile/ HTTP/1.1" 200 614
[02/Jun/2026 17:15:58] "GET /api/auth/my-actions/ HTTP/1.1" 200 527
[02/Jun/2026 17:16:09] "POST /api/auth/login/ HTTP/1.1" 200 1413
[02/Jun/2026 17:16:16] "POST /api/auth/login/ HTTP/1.1" 200 1487
[02/Jun/2026 17:19:59] "POST /api/auth/login/ HTTP/1.1" 200 1413
[02/Jun/2026 17:20:05] "POST /api/auth/login/ HTTP/1.1" 200 1487
[02/Jun/2026 17:23:21] "GET /api/auth/profile/ HTTP/1.1" 200 614
[02/Jun/2026 17:23:21] "GET /api/auth/my-actions/ HTTP/1.1" 200 527
[02/Jun/2026 17:24:23] "GET /api/auth/profile/ HTTP/1.1" 200 614
[02/Jun/2026 17:24:23] "GET /api/auth/my-actions/ HTTP/1.1" 200 527
[02/Jun/2026 18:23:58] "GET /api/auth/profile/ HTTP/1.1" 200 614
[02/Jun/2026 18:23:58] "GET /api/auth/my-actions/ HTTP/1.1" 200 527
[02/Jun/2026 18:40:01] "GET /api/auth/my-actions/ HTTP/1.1" 200 527
[02/Jun/2026 18:40:01] "GET /api/auth/profile/ HTTP/1.1" 200 614
[02/Jun/2026 18:40:21] "GET /api/auth/profile/ HTTP/1.1" 200 614
[02/Jun/2026 18:40:22] "GET /api/auth/my-actions/ HTTP/1.1" 200 527
[02/Jun/2026 18:42:26] "POST /api/auth/login/ HTTP/1.1" 200 1413
[02/Jun/2026 18:42:27] "GET /api/auth/profile/ HTTP/1.1" 200 591
[02/Jun/2026 18:42:27] "GET /api/auth/my-actions/ HTTP/1.1" 200 414
[02/Jun/2026 18:43:16] "POST /api/auth/login/ HTTP/1.1" 200 1487
[02/Jun/2026 18:43:17] "GET /api/auth/profile/ HTTP/1.1" 200 614
[02/Jun/2026 18:43:17] "GET /api/auth/my-actions/ HTTP/1.1" 200 527
[02/Jun/2026 19:20:13] "GET /api/auth/my-actions/ HTTP/1.1" 200 527
[02/Jun/2026 19:20:13] "GET /api/auth/profile/ HTTP/1.1" 200 614
[02/Jun/2026 19:32:20] "GET /api/auth/profile/ HTTP/1.1" 200 614
[02/Jun/2026 19:32:20] "GET /api/auth/my-actions/ HTTP/1.1" 200 527
[02/Jun/2026 20:04:27] "POST /api/auth/login/ HTTP/1.1" 200 1413
[02/Jun/2026 20:04:33] "POST /api/auth/login/ HTTP/1.1" 200 1487
[02/Jun/2026 20:10:31] "POST /api/auth/login/ HTTP/1.1" 200 1413
[02/Jun/2026 20:10:31] "GET /api/auth/profile/ HTTP/1.1" 200 591
[02/Jun/2026 20:10:32] "GET /api/auth/my-actions/ HTTP/1.1" 200 414
[02/Jun/2026 20:11:36] "POST /api/auth/login/ HTTP/1.1" 200 1487
[02/Jun/2026 20:11:37] "GET /api/auth/profile/ HTTP/1.1" 200 614
[02/Jun/2026 20:11:37] "GET /api/auth/my-actions/ HTTP/1.1" 200 527
[02/Jun/2026 20:14:24] "POST /api/auth/login/ HTTP/1.1" 200 1413
[02/Jun/2026 20:14:25] "GET /api/auth/profile/ HTTP/1.1" 200 591
[02/Jun/2026 20:14:25] "GET /api/auth/my-actions/ HTTP/1.1" 200 414
[02/Jun/2026 20:17:33] "POST /api/auth/login/ HTTP/1.1" 200 1487
[02/Jun/2026 20:17:33] "GET /api/auth/profile/ HTTP/1.1" 200 614
[02/Jun/2026 20:17:33] "GET /api/auth/my-actions/ HTTP/1.1" 200 527
[02/Jun/2026 20:57:41] "GET /api/auth/profile/ HTTP/1.1" 200 614
[02/Jun/2026 20:57:42] "GET /api/auth/my-actions/ HTTP/1.1" 200 527
[02/Jun/2026 20:57:42] "GET /api/auth/profile/ HTTP/1.1" 200 614
[02/Jun/2026 20:57:42] "GET /api/auth/my-actions/ HTTP/1.1" 200 527
[02/Jun/2026 21:26:58] "POST /api/auth/login/ HTTP/1.1" 200 1413
[02/Jun/2026 21:26:59] "GET /api/auth/profile/ HTTP/1.1" 200 591
[02/Jun/2026 21:26:59] "GET /api/auth/my-actions/ HTTP/1.1" 200 414
[02/Jun/2026 23:23:28] "GET /api/auth/profile/ HTTP/1.1" 200 591
[02/Jun/2026 23:23:28] "GET /api/auth/my-actions/ HTTP/1.1" 200 414
[02/Jun/2026 23:25:15] "POST /api/auth/login/ HTTP/1.1" 200 1479
[02/Jun/2026 23:25:16] "GET /api/auth/my-actions/ HTTP/1.1" 200 462
[02/Jun/2026 23:32:38] "POST /api/auth/login/ HTTP/1.1" 200 1487
[02/Jun/2026 23:32:38] "GET /api/auth/my-actions/ HTTP/1.1" 200 527
[02/Jun/2026 23:32:39] "GET /api/auth/profile/ HTTP/1.1" 200 614
[03/Jun/2026 00:25:47] "POST /api/auth/login/ HTTP/1.1" 200 1479
[03/Jun/2026 00:37:21] "GET /api/auth/profile/ HTTP/1.1" 200 614
[03/Jun/2026 00:37:21] "GET /api/auth/my-actions/ HTTP/1.1" 200 527
[03/Jun/2026 00:44:11] "GET /api/auth/profile/ HTTP/1.1" 200 614
[03/Jun/2026 00:44:12] "GET /api/auth/my-actions/ HTTP/1.1" 200 527
[03/Jun/2026 00:46:28] "POST /api/auth/login/ HTTP/1.1" 200 1479
[03/Jun/2026 01:00:17] "POST /api/auth/login/ HTTP/1.1" 200 1479
[03/Jun/2026 02:02:57] "GET /api/auth/profile/ HTTP/1.1" 200 614
[03/Jun/2026 02:02:58] "GET /api/auth/my-actions/ HTTP/1.1" 200 527
[03/Jun/2026 02:03:00] "GET /api/auth/my-actions/ HTTP/1.1" 200 527
[03/Jun/2026 02:03:00] "GET /api/auth/profile/ HTTP/1.1" 200 614
[03/Jun/2026 02:03:14] "POST /api/auth/login/ HTTP/1.1" 200 1487
[03/Jun/2026 02:03:28] "POST /api/auth/login/ HTTP/1.1" 200 1479
[03/Jun/2026 02:03:28] "GET /api/auth/my-actions/ HTTP/1.1" 200 462
[03/Jun/2026 02:08:54] "POST /api/auth/login/ HTTP/1.1" 200 1487
[03/Jun/2026 02:08:54] "GET /api/auth/my-actions/ HTTP/1.1" 200 527
[03/Jun/2026 02:08:54] "GET /api/auth/profile/ HTTP/1.1" 200 614
[03/Jun/2026 02:11:17] "POST /api/auth/login/ HTTP/1.1" 200 1413
[03/Jun/2026 02:11:17] "GET /api/auth/profile/ HTTP/1.1" 200 591
[03/Jun/2026 02:11:17] "GET /api/auth/my-actions/ HTTP/1.1" 200 414
[03/Jun/2026 02:12:05] "POST /api/auth/login/ HTTP/1.1" 200 1487
[03/Jun/2026 02:12:05] "GET /api/auth/profile/ HTTP/1.1" 200 614
[03/Jun/2026 02:12:06] "GET /api/auth/my-actions/ HTTP/1.1" 200 527
[03/Jun/2026 02:15:43] "GET /api/auth/profile/ HTTP/1.1" 200 614
[03/Jun/2026 02:15:43] "GET /api/auth/my-actions/ HTTP/1.1" 200 527
[03/Jun/2026 02:29:28] "GET /api/auth/profile/ HTTP/1.1" 200 614
[03/Jun/2026 02:29:29] "GET /api/auth/my-actions/ HTTP/1.1" 200 527
[03/Jun/2026 02:29:35] "GET /api/auth/profile/ HTTP/1.1" 200 614
[03/Jun/2026 02:29:36] "GET /api/auth/my-actions/ HTTP/1.1" 200 527
[03/Jun/2026 02:48:04] "GET /api/auth/profile/ HTTP/1.1" 200 614
[03/Jun/2026 02:48:04] "GET /api/auth/my-actions/ HTTP/1.1" 200 527
[03/Jun/2026 02:48:06] "GET /api/auth/my-actions/ HTTP/1.1" 200 527
[03/Jun/2026 02:48:06] "GET /api/auth/profile/ HTTP/1.1" 200 614
[03/Jun/2026 03:12:50] "GET /api/auth/profile/ HTTP/1.1" 200 614
[03/Jun/2026 03:12:51] "GET /api/auth/my-actions/ HTTP/1.1" 200 527
[03/Jun/2026 03:12:51] "GET /api/auth/profile/ HTTP/1.1" 200 614
[03/Jun/2026 03:12:52] "GET /api/auth/my-actions/ HTTP/1.1" 200 527
[03/Jun/2026 03:16:49] "GET /api/auth/profile/ HTTP/1.1" 200 614
[03/Jun/2026 03:16:49] "GET /api/auth/my-actions/ HTTP/1.1" 200 527
[03/Jun/2026 03:16:56] "GET /api/auth/profile/ HTTP/1.1" 200 614
[03/Jun/2026 03:16:56] "GET /api/auth/my-actions/ HTTP/1.1" 200 527
[03/Jun/2026 03:33:09] "GET /api/auth/profile/ HTTP/1.1" 200 614
[03/Jun/2026 03:33:09] "GET /api/auth/profile/ HTTP/1.1" 200 614
[03/Jun/2026 03:33:10] "GET /api/auth/my-actions/ HTTP/1.1" 200 527
[03/Jun/2026 03:33:10] "GET /api/auth/my-actions/ HTTP/1.1" 200 527
[03/Jun/2026 04:10:19] "POST /api/auth/login/ HTTP/1.1" 200 1487
[03/Jun/2026 04:22:59] "POST /api/auth/login/ HTTP/1.1" 200 1479
[03/Jun/2026 04:22:59] "GET /api/auth/my-actions/ HTTP/1.1" 200 462
[03/Jun/2026 04:25:12] "POST /api/auth/login/ HTTP/1.1" 200 1487
[03/Jun/2026 04:25:12] "GET /api/auth/profile/ HTTP/1.1" 200 614
[03/Jun/2026 04:25:12] "GET /api/auth/my-actions/ HTTP/1.1" 200 527
[03/Jun/2026 04:26:37] "GET /api/auth/profile/ HTTP/1.1" 200 614
[03/Jun/2026 04:26:37] "GET /api/auth/my-actions/ HTTP/1.1" 200 527
[03/Jun/2026 09:20:43] "GET /api/auth/profile/ HTTP/1.1" 200 614
[03/Jun/2026 09:20:43] "GET /api/auth/my-actions/ HTTP/1.1" 200 527
[03/Jun/2026 09:21:16] "POST /api/auth/login/ HTTP/1.1" 200 1479
[03/Jun/2026 09:21:17] "GET /api/auth/my-actions/ HTTP/1.1" 200 462
[03/Jun/2026 09:22:13] "POST /api/auth/login/ HTTP/1.1" 200 1487
[03/Jun/2026 09:22:14] "GET /api/auth/profile/ HTTP/1.1" 200 614
[03/Jun/2026 09:22:14] "GET /api/auth/my-actions/ HTTP/1.1" 200 527
[03/Jun/2026 09:47:32] "GET /api/auth/profile/ HTTP/1.1" 200 614
[03/Jun/2026 09:47:32] "GET /api/auth/my-actions/ HTTP/1.1" 200 527
[03/Jun/2026 09:50:04] "POST /api/auth/login/ HTTP/1.1" 200 1487
[03/Jun/2026 10:05:30] "GET /api/auth/profile/ HTTP/1.1" 200 614
[03/Jun/2026 10:05:30] "GET /api/auth/my-actions/ HTTP/1.1" 200 527
[03/Jun/2026 10:15:54] "GET /api/auth/profile/ HTTP/1.1" 200 614
[03/Jun/2026 10:15:55] "GET /api/auth/my-actions/ HTTP/1.1" 200 527
[03/Jun/2026 10:29:02] "POST /api/auth/login/ HTTP/1.1" 200 1487
[03/Jun/2026 10:35:02] "GET /api/auth/profile/ HTTP/1.1" 200 614
[03/Jun/2026 10:35:02] "GET /api/auth/my-actions/ HTTP/1.1" 200 527
[03/Jun/2026 10:37:19] "GET /api/auth/profile/ HTTP/1.1" 200 614
[03/Jun/2026 10:37:19] "GET /api/auth/my-actions/ HTTP/1.1" 200 527
[03/Jun/2026 10:52:49] "POST /api/auth/login/ HTTP/1.1" 200 1487
[03/Jun/2026 11:19:10] "GET /api/auth/profile/ HTTP/1.1" 200 614
[03/Jun/2026 11:19:10] "GET /api/auth/my-actions/ HTTP/1.1" 200 527
[03/Jun/2026 11:50:59] "GET /api/auth/profile/ HTTP/1.1" 200 614
[03/Jun/2026 11:51:00] "GET /api/auth/my-actions/ HTTP/1.1" 200 527
[03/Jun/2026 11:54:20] "POST /api/auth/login/ HTTP/1.1" 200 1487
[03/Jun/2026 12:18:40] "POST /api/auth/login/ HTTP/1.1" 200 1487
[03/Jun/2026 12:41:14] "POST /api/auth/login/ HTTP/1.1" 200 1487
[03/Jun/2026 13:04:12] "GET /api/auth/profile/ HTTP/1.1" 200 614
[03/Jun/2026 13:04:13] "GET /api/auth/my-actions/ HTTP/1.1" 200 527
[03/Jun/2026 13:35:27] "GET /api/auth/profile/ HTTP/1.1" 200 614
[03/Jun/2026 13:35:27] "GET /api/auth/my-actions/ HTTP/1.1" 200 527
[03/Jun/2026 14:29:34] "POST /api/auth/login/ HTTP/1.1" 200 1487
[03/Jun/2026 14:29:35] "GET /api/auth/profile/ HTTP/1.1" 200 614
[03/Jun/2026 14:29:36] "GET /api/auth/my-actions/ HTTP/1.1" 200 527
[03/Jun/2026 14:41:54] "GET /api/auth/profile/ HTTP/1.1" 200 614
[03/Jun/2026 14:44:45] "GET /api/auth/profile/ HTTP/1.1" 200 614
[03/Jun/2026 14:45:06] "GET /api/auth/profile/ HTTP/1.1" 200 614
[03/Jun/2026 14:46:16] "GET /api/auth/profile/ HTTP/1.1" 200 614
[03/Jun/2026 14:46:30] "POST /api/auth/login/ HTTP/1.1" 200 1332
[03/Jun/2026 14:46:31] "GET /api/auth/my-actions/ HTTP/1.1" 200 465
[03/Jun/2026 14:46:31] "OPTIONS /api/auth/users/ HTTP/1.1" 200 0
[03/Jun/2026 14:46:31] "OPTIONS /api/auth/users/ HTTP/1.1" 200 0
[03/Jun/2026 14:46:31] "OPTIONS /api/auth/admin/action-roles/matrix/ HTTP/1.1" 200 0
[03/Jun/2026 14:46:31] "GET /api/auth/users/ HTTP/1.1" 200 15780
[03/Jun/2026 14:46:31] "GET /api/auth/admin/action-roles/matrix/ HTTP/1.1" 200 3165
[03/Jun/2026 14:46:32] "GET /api/auth/users/ HTTP/1.1" 200 15780
[03/Jun/2026 14:47:31] "POST /api/auth/login/ HTTP/1.1" 200 1487
[03/Jun/2026 14:47:31] "GET /api/auth/profile/ HTTP/1.1" 200 614
[03/Jun/2026 14:47:31] "GET /api/auth/my-actions/ HTTP/1.1" 200 527
[03/Jun/2026 14:49:44] "GET /api/auth/profile/ HTTP/1.1" 200 614
[03/Jun/2026 14:55:27] "GET /api/auth/profile/ HTTP/1.1" 200 614
[03/Jun/2026 15:01:09] "GET /api/auth/profile/ HTTP/1.1" 200 614
[03/Jun/2026 15:01:09] "GET /api/auth/my-actions/ HTTP/1.1" 200 527
[03/Jun/2026 15:15:33] "POST /api/auth/login/ HTTP/1.1" 200 1479
[03/Jun/2026 15:15:33] "GET /api/auth/my-actions/ HTTP/1.1" 200 462
[04/Jun/2026 00:42:04] "POST /api/auth/login/ HTTP/1.1" 200 1487
[04/Jun/2026 00:42:04] "GET /api/auth/profile/ HTTP/1.1" 200 614
[04/Jun/2026 00:42:04] "GET /api/auth/my-actions/ HTTP/1.1" 200 527
[04/Jun/2026 02:40:32] "POST /api/auth/login/ HTTP/1.1" 200 1487
[04/Jun/2026 02:53:12] "POST /api/auth/login/ HTTP/1.1" 200 1332
[04/Jun/2026 02:53:12] "GET /api/auth/my-actions/ HTTP/1.1" 200 465
[04/Jun/2026 02:53:12] "OPTIONS /api/auth/users/ HTTP/1.1" 200 0
[04/Jun/2026 02:53:12] "OPTIONS /api/auth/users/ HTTP/1.1" 200 0
[04/Jun/2026 02:53:12] "OPTIONS /api/auth/admin/action-roles/matrix/ HTTP/1.1" 200 0
[04/Jun/2026 02:53:13] "GET /api/auth/users/ HTTP/1.1" 200 15780
[04/Jun/2026 02:53:13] "GET /api/auth/admin/action-roles/matrix/ HTTP/1.1" 200 3165
[04/Jun/2026 02:53:13] "GET /api/auth/users/ HTTP/1.1" 200 15780
[04/Jun/2026 02:53:55] "OPTIONS /api/auth/commission-members/ HTTP/1.1" 200 0
[04/Jun/2026 02:53:55] "GET /api/auth/commission-members/ HTTP/1.1" 200 1781
[04/Jun/2026 02:54:30] "GET /api/auth/admin/action-roles/matrix/ HTTP/1.1" 200 3165
[04/Jun/2026 02:54:30] "GET /api/auth/users/ HTTP/1.1" 200 15780
[04/Jun/2026 02:54:30] "GET /api/auth/users/ HTTP/1.1" 200 15780
[04/Jun/2026 02:55:52] "GET /api/auth/commission-members/ HTTP/1.1" 200 1781
[04/Jun/2026 03:11:11] "POST /api/auth/login/ HTTP/1.1" 200 1479
[04/Jun/2026 03:11:12] "GET /api/auth/my-actions/ HTTP/1.1" 200 462
[04/Jun/2026 03:53:51] "POST /api/auth/login/ HTTP/1.1" 200 1487
[04/Jun/2026 03:53:51] "GET /api/auth/profile/ HTTP/1.1" 200 614
[04/Jun/2026 03:53:52] "GET /api/auth/my-actions/ HTTP/1.1" 200 527
[04/Jun/2026 04:04:10] "POST /api/auth/login/ HTTP/1.1" 200 1479
[04/Jun/2026 04:04:11] "GET /api/auth/my-actions/ HTTP/1.1" 200 462
[04/Jun/2026 04:32:41] "GET /api/auth/my-actions/ HTTP/1.1" 200 462
[04/Jun/2026 18:58:54] "POST /api/auth/login/ HTTP/1.1" 200 1487
[04/Jun/2026 18:58:54] "GET /api/auth/profile/ HTTP/1.1" 200 614
[04/Jun/2026 18:58:55] "GET /api/auth/my-actions/ HTTP/1.1" 200 527
[04/Jun/2026 19:03:35] "POST /api/auth/login/ HTTP/1.1" 200 1487
[04/Jun/2026 19:17:44] "POST /api/auth/login/ HTTP/1.1" 200 1487
[04/Jun/2026 19:32:19] "GET /api/auth/profile/ HTTP/1.1" 200 614
[04/Jun/2026 19:32:20] "GET /api/auth/my-actions/ HTTP/1.1" 200 527
[04/Jun/2026 21:57:26] "GET /api/auth/profile/ HTTP/1.1" 200 614
[04/Jun/2026 21:57:26] "GET /api/auth/my-actions/ HTTP/1.1" 200 527
[04/Jun/2026 22:10:38] "GET /api/auth/profile/ HTTP/1.1" 200 614
[04/Jun/2026 22:24:06] "GET /api/auth/profile/ HTTP/1.1" 200 614
[04/Jun/2026 22:32:49] "GET /api/auth/profile/ HTTP/1.1" 200 614
[04/Jun/2026 22:53:16] "GET /api/auth/profile/ HTTP/1.1" 200 614
[05/Jun/2026 01:22:05] "POST /api/auth/login/ HTTP/1.1" 200 1487
[05/Jun/2026 01:30:47] "POST /api/auth/login/ HTTP/1.1" 200 1487
[05/Jun/2026 01:30:48] "GET /api/auth/profile/ HTTP/1.1" 200 614
[05/Jun/2026 01:30:48] "GET /api/auth/my-actions/ HTTP/1.1" 200 527
[05/Jun/2026 19:58:04] "POST /api/auth/login/ HTTP/1.1" 200 1487
[05/Jun/2026 19:58:05] "GET /api/auth/profile/ HTTP/1.1" 200 614
[05/Jun/2026 19:58:07] "GET /api/auth/my-actions/ HTTP/1.1" 200 527
[05/Jun/2026 20:16:23] "GET /api/auth/profile/ HTTP/1.1" 200 614
[05/Jun/2026 20:16:24] "GET /api/auth/my-actions/ HTTP/1.1" 200 527
[05/Jun/2026 20:35:46] "POST /api/auth/login/ HTTP/1.1" 200 1487
[05/Jun/2026 22:21:21] "GET /api/auth/profile/ HTTP/1.1" 200 614
[05/Jun/2026 22:21:22] "GET /api/auth/my-actions/ HTTP/1.1" 200 527
[05/Jun/2026 22:37:37] "GET /api/auth/profile/ HTTP/1.1" 200 614
[05/Jun/2026 22:37:38] "GET /api/auth/my-actions/ HTTP/1.1" 200 527
[05/Jun/2026 23:14:47] "POST /api/auth/login/ HTTP/1.1" 200 1487
[06/Jun/2026 19:02:07] "POST /api/auth/login/ HTTP/1.1" 200 1487
[06/Jun/2026 19:02:08] "GET /api/auth/profile/ HTTP/1.1" 200 614
[06/Jun/2026 19:02:08] "GET /api/auth/my-actions/ HTTP/1.1" 200 527
[06/Jun/2026 19:04:53] "GET /api/auth/profile/ HTTP/1.1" 200 614
[06/Jun/2026 19:04:53] "GET /api/auth/my-actions/ HTTP/1.1" 200 527
[06/Jun/2026 19:05:59] "GET /api/auth/profile/ HTTP/1.1" 200 614
[06/Jun/2026 19:09:20] "GET /api/auth/profile/ HTTP/1.1" 200 614
[06/Jun/2026 19:23:14] "GET /api/auth/profile/ HTTP/1.1" 200 614
[06/Jun/2026 21:01:48] "GET /api/auth/profile/ HTTP/1.1" 200 614
[06/Jun/2026 21:01:48] "GET /api/auth/my-actions/ HTTP/1.1" 200 527
[06/Jun/2026 21:02:25] "POST /api/auth/login/ HTTP/1.1" 200 1479
[06/Jun/2026 21:02:25] "GET /api/auth/my-actions/ HTTP/1.1" 200 462
[06/Jun/2026 21:09:00] "POST /api/auth/login/ HTTP/1.1" 200 1487
[06/Jun/2026 21:09:01] "GET /api/auth/profile/ HTTP/1.1" 200 614
[06/Jun/2026 21:09:01] "GET /api/auth/my-actions/ HTTP/1.1" 200 527
[06/Jun/2026 21:09:16] "GET /api/auth/profile/ HTTP/1.1" 200 614
[06/Jun/2026 21:30:57] "GET /api/auth/profile/ HTTP/1.1" 200 614
[06/Jun/2026 21:30:57] "GET /api/auth/my-actions/ HTTP/1.1" 200 527
[06/Jun/2026 21:35:54] "GET /api/auth/my-actions/ HTTP/1.1" 200 527
[06/Jun/2026 21:35:54] "GET /api/auth/profile/ HTTP/1.1" 200 614
[06/Jun/2026 22:19:00] "GET /api/auth/profile/ HTTP/1.1" 200 614
[06/Jun/2026 22:19:00] "GET /api/auth/my-actions/ HTTP/1.1" 200 527
[06/Jun/2026 22:19:07] "GET /api/auth/profile/ HTTP/1.1" 200 614
[06/Jun/2026 22:19:16] "GET /api/auth/profile/ HTTP/1.1" 200 614
[06/Jun/2026 22:21:03] "POST /api/auth/login/ HTTP/1.1" 200 1479
[06/Jun/2026 22:21:05] "GET /api/auth/my-actions/ HTTP/1.1" 200 462
