Performing system checks...

System check identified no issues (0 silenced).
May 31, 2026 - 05:51:45
Django version 5.0.14, using settings 'config.settings'
Starting development server at http://127.0.0.1:8001/
Quit the server with CTRL-BREAK.

[WARN] Erreur notification: 'charmap' codec can't encode character '\U0001f4e7' in position 0: character maps to <undefined>
[WARN] Erreur notification: 'charmap' codec can't encode character '\U0001f4e7' in position 0: character maps to <undefined>
[WARN] Erreur notification: 'charmap' codec can't encode character '\U0001f4e7' in position 0: character maps to <undefined>
[WARN] Erreur notification: 'charmap' codec can't encode character '\U0001f4e7' in position 0: character maps to <undefined>
[WARN] Erreur notification: 'charmap' codec can't encode character '\U0001f4e7' in position 0: character maps to <undefined>
[WARN] Erreur notification: 'charmap' codec can't encode character '\U0001f4e7' in position 0: character maps to <undefined>
[WARN] Erreur notification: 'charmap' codec can't encode character '\U0001f4e7' in position 0: character maps to <undefined>
[WARN] Erreur notification: 'charmap' codec can't encode character '\U0001f4e7' in position 0: character maps to <undefined>
[WARN] Erreur notification: 'charmap' codec can't encode character '\U0001f4e7' in position 0: character maps to <undefined>
[WARN] Erreur notification: 'charmap' codec can't encode character '\U0001f4e7' in position 0: character maps to <undefined>
[WARN] Erreur notification: 'charmap' codec can't encode character '\U0001f4e7' in position 0: character maps to <undefined>
[WARN] Erreur notification: 'charmap' codec can't encode character '\U0001f4e7' in position 0: character maps to <undefined>
[WARN] Erreur notification: 'charmap' codec can't encode character '\U0001f4e7' in position 0: character maps to <undefined>
[WARN] Erreur notification: 'charmap' codec can't encode character '\U0001f4e7' in position 0: character maps to <undefined>
[WARN] Erreur notification: 'charmap' codec can't encode character '\U0001f4e7' in position 0: character maps to <undefined>
[WARN] Erreur notification: 'charmap' codec can't encode character '\U0001f4e7' in position 0: character maps to <undefined>
[WARN] Erreur notification: 'charmap' codec can't encode character '\U0001f4e7' in position 0: character maps to <undefined>
[WARN] Erreur notification: 'charmap' codec can't encode character '\U0001f4e7' in position 0: character maps to <undefined>
[WARN] Erreur notification: 'charmap' codec can't encode character '\U0001f4e7' in position 0: character maps to <undefined>
[WARN] Erreur notification: 'charmap' codec can't encode character '\U0001f4e7' in position 0: character maps to <undefined>
[WARN] Erreur notification: 'charmap' codec can't encode character '\U0001f4e7' in position 0: character maps to <undefined>
[WARN] Erreur notification: 'charmap' codec can't encode character '\U0001f4e7' in position 0: character maps to <undefined>
[WARN] Erreur notification: 'charmap' codec can't encode character '\U0001f4e7' in position 0: character maps to <undefined>
[WARN] Erreur notification: 'charmap' codec can't encode character '\U0001f4e7' in position 0: character maps to <undefined>
[WARN] Erreur notification: 'charmap' codec can't encode character '\U0001f4e7' in position 0: character maps to <undefined>
[WARN] Erreur notification: 'charmap' codec can't encode character '\U0001f4e7' in position 0: character maps to <undefined>
[WARN] Erreur notification: 'charmap' codec can't encode character '\U0001f4e7' in position 0: character maps to <undefined>
[WARN] Erreur notification: 'charmap' codec can't encode character '\U0001f4e7' in position 0: character maps to <undefined>
[WARN] Erreur notification: 'charmap' codec can't encode character '\U0001f4e7' in position 0: character maps to <undefined>
[WARN] Erreur notification: 'charmap' codec can't encode character '\U0001f4e7' in position 0: character maps to <undefined>
[WARN] Erreur notification: 'charmap' codec can't encode character '\U0001f4e7' in position 0: character maps to <undefined>
[WARN] Erreur notification: 'charmap' codec can't encode character '\U0001f4e7' in position 0: character maps to <undefined>
[WARN] Erreur notification: 'charmap' codec can't encode character '\U0001f4e7' in position 0: character maps to <undefined>
[WARN] Erreur notification: 'charmap' codec can't encode character '\U0001f4e7' in position 0: character maps to <undefined>
[WARN] Erreur notification: 'charmap' codec can't encode character '\U0001f4e7' in position 0: character maps to <undefined>
[WARN] Erreur notification: 'charmap' codec can't encode character '\U0001f4e7' in position 0: character maps to <undefined>
[WARN] Erreur notification: 'charmap' codec can't encode character '\U0001f4e7' in position 0: character maps to <undefined>
[WARN] Erreur notification: 'charmap' codec can't encode character '\U0001f4e7' in position 0: character maps to <undefined>
[WARN] Erreur notification: 'charmap' codec can't encode character '\U0001f4e7' in position 0: character maps to <undefined>
[WARN] Erreur notification: 'charmap' codec can't encode character '\U0001f4e7' in position 0: character maps to <undefined>
[WARN] Erreur notification: 'charmap' codec can't encode character '\U0001f4e7' in position 0: character maps to <undefined>
[WARN] Erreur notification: 'charmap' codec can't encode character '\U0001f4e7' in position 0: character maps to <undefined>
[WARN] Erreur notification: 'charmap' codec can't encode character '\U0001f4e7' in position 0: character maps to <undefined>
[WARN] Erreur notification: 'charmap' codec can't encode character '\U0001f4e7' in position 0: character maps to <undefined>
[WARN] Erreur notification: 'charmap' codec can't encode character '\U0001f4e7' in position 0: character maps to <undefined>
[WARN] Erreur notification: 'charmap' codec can't encode character '\U0001f4e7' in position 0: character maps to <undefined>
[WARN] Erreur notification: 'charmap' codec can't encode character '\U0001f4e7' in position 0: character maps to <undefined>
[WARN] Erreur notification: 'charmap' codec can't encode character '\U0001f4e7' in position 0: character maps to <undefined>
[WARN] Erreur notification: 'charmap' codec can't encode character '\U0001f4e7' in position 0: character maps to <undefined>
[WARN] Erreur notification: 'charmap' codec can't encode character '\U0001f4e7' in position 0: character maps to <undefined>
[WARN] Erreur notification: 'charmap' codec can't encode character '\U0001f4e7' in position 0: character maps to <undefined>
[WARN] Erreur notification: 'charmap' codec can't encode character '\U0001f4e7' in position 0: character maps to <undefined>
[WARN] Erreur notification: 'charmap' codec can't encode character '\U0001f4e7' in position 0: character maps to <undefined>
[WARN] Erreur notification: 'charmap' codec can't encode character '\U0001f4e7' in position 0: character maps to <undefined>
[WARN] Erreur notification: 'charmap' codec can't encode character '\U0001f4e7' in position 0: character maps to <undefined>
[WARN] Erreur notification: 'charmap' codec can't encode character '\U0001f4e7' in position 0: character maps to <undefined>
[WARN] Erreur notification: 'charmap' codec can't encode character '\U0001f4e7' in position 0: character maps to <undefined>
[WARN] Erreur notification: 'charmap' codec can't encode character '\U0001f4e7' in position 0: character maps to <undefined>
[WARN] Erreur notification: 'charmap' codec can't encode character '\U0001f4e7' in position 0: character maps to <undefined>
[WARN] Erreur notification: 'charmap' codec can't encode character '\U0001f4e7' in position 0: character maps to <undefined>
[WARN] Erreur notification: 'charmap' codec can't encode character '\U0001f4e7' in position 0: character maps to <undefined>
[WARN] Erreur notification: 'charmap' codec can't encode character '\U0001f4e7' in position 0: character maps to <undefined>
[WARN] Erreur notification: 'charmap' codec can't encode character '\U0001f4e7' in position 0: character maps to <undefined>
[WARN] Erreur notification: 'charmap' codec can't encode character '\U0001f4e7' in position 0: character maps to <undefined>