Traceback (most recent call last):
  File "<frozen runpy>", line 198, in _run_module_as_main
  File "<frozen runpy>", line 88, in _run_code
  File "C:\Users\HP\Desktop\PFE\.venv\Lib\site-packages\celery\__main__.py", line 19, in <module>
    main()
    ~~~~^^
  File "C:\Users\HP\Desktop\PFE\.venv\Lib\site-packages\celery\__main__.py", line 15, in main
    sys.exit(_main())
             ~~~~~^^
  File "C:\Users\HP\Desktop\PFE\.venv\Lib\site-packages\celery\bin\celery.py", line 227, in main
    return celery(auto_envvar_prefix="CELERY")
  File "C:\Users\HP\Desktop\PFE\.venv\Lib\site-packages\click\core.py", line 1485, in __call__
    return self.main(*args, **kwargs)
           ~~~~~~~~~^^^^^^^^^^^^^^^^^
  File "C:\Users\HP\Desktop\PFE\.venv\Lib\site-packages\click\core.py", line 1406, in main
    rv = self.invoke(ctx)
  File "C:\Users\HP\Desktop\PFE\.venv\Lib\site-packages\click\core.py", line 1871, in invoke
    sub_ctx = cmd.make_context(cmd_name, args, parent=ctx)
  File "C:\Users\HP\Desktop\PFE\.venv\Lib\site-packages\click\core.py", line 1216, in make_context
    self.parse_args(ctx, args)
    ~~~~~~~~~~~~~~~^^^^^^^^^^^
  File "C:\Users\HP\Desktop\PFE\.venv\Lib\site-packages\click\core.py", line 1227, in parse_args
    _, args = param.handle_parse_result(ctx, opts, args)
              ~~~~~~~~~~~~~~~~~~~~~~~~~^^^^^^^^^^^^^^^^^
  File "C:\Users\HP\Desktop\PFE\.venv\Lib\site-packages\click\core.py", line 2578, in handle_parse_result
    value = self.process_value(ctx, value)
  File "C:\Users\HP\Desktop\PFE\.venv\Lib\site-packages\click\core.py", line 3313, in process_value
    return super().process_value(ctx, value)
           ~~~~~~~~~~~~~~~~~~~~~^^^^^^^^^^^^
  File "C:\Users\HP\Desktop\PFE\.venv\Lib\site-packages\click\core.py", line 2448, in process_value
    value = self.callback(ctx, self, value)
  File "C:\Users\HP\Desktop\PFE\.venv\Lib\site-packages\celery\bin\worker.py", line 158, in <lambda>
    value: value or ctx.obj.app.conf.worker_state_db,
                    ^^^^^^^^^^^^^^^^^^^^^^^^^^^^^^^^
  File "C:\Users\HP\Desktop\PFE\.venv\Lib\site-packages\celery\utils\collections.py", line 111, in __getattr__
    return self[k]
           ~~~~^^^
  File "C:\Users\HP\Desktop\PFE\.venv\Lib\site-packages\celery\utils\collections.py", line 391, in __getitem__
    return getitem(k)
  File "C:\Users\HP\Desktop\PFE\.venv\Lib\site-packages\celery\utils\collections.py", line 249, in __getitem__
    return mapping[_key]
           ~~~~~~~^^^^^^
  File "C:\Users\HP\AppData\Local\Programs\Python\Python314\Lib\collections\__init__.py", line 1144, in __getitem__
    if key in self.data:
              ^^^^^^^^^
  File "C:\Users\HP\Desktop\PFE\.venv\Lib\site-packages\kombu\utils\objects.py", line 40, in __get__
    return super().__get__(instance, owner)
           ~~~~~~~~~~~~~~~^^^^^^^^^^^^^^^^^
  File "C:\Users\HP\AppData\Local\Programs\Python\Python314\Lib\functools.py", line 1126, in __get__
    val = self.func(instance)
  File "C:\Users\HP\Desktop\PFE\.venv\Lib\site-packages\celery\app\base.py", line 227, in data
    return self.callback()
           ~~~~~~~~~~~~~^^
  File "C:\Users\HP\Desktop\PFE\.venv\Lib\site-packages\celery\app\base.py", line 1130, in _finalize_pending_conf
    conf = self._conf = self._load_config()
                        ~~~~~~~~~~~~~~~~~^^
  File "C:\Users\HP\Desktop\PFE\.venv\Lib\site-packages\celery\app\base.py", line 1146, in _load_config
    self.loader.config_from_object(self._config_source)
    ~~~~~~~~~~~~~~~~~~~~~~~~~~~~~~^^^^^^^^^^^^^^^^^^^^^
  File "C:\Users\HP\Desktop\PFE\.venv\Lib\site-packages\celery\loaders\base.py", line 127, in config_from_object
    self._conf = force_mapping(obj)
                 ~~~~~~~~~~~~~^^^^^
  File "C:\Users\HP\Desktop\PFE\.venv\Lib\site-packages\celery\utils\collections.py", line 42, in force_mapping
    if isinstance(m, (LazyObject, LazySettings)):
       ~~~~~~~~~~^^^^^^^^^^^^^^^^^^^^^^^^^^^^^^^
  File "C:\Users\HP\Desktop\PFE\.venv\Lib\site-packages\django\utils\functional.py", line 280, in __getattribute__
    value = super().__getattribute__(name)
  File "C:\Users\HP\Desktop\PFE\.venv\Lib\site-packages\django\utils\functional.py", line 251, in inner
    self._setup()
    ~~~~~~~~~~~^^
  File "C:\Users\HP\Desktop\PFE\.venv\Lib\site-packages\django\conf\__init__.py", line 62, in _setup
    self._wrapped = Settings(settings_module)
                    ~~~~~~~~^^^^^^^^^^^^^^^^^
  File "C:\Users\HP\Desktop\PFE\.venv\Lib\site-packages\django\conf\__init__.py", line 162, in __init__
    mod = importlib.import_module(self.SETTINGS_MODULE)
  File "C:\Users\HP\AppData\Local\Programs\Python\Python314\Lib\importlib\__init__.py", line 88, in import_module
    return _bootstrap._gcd_import(name[level:], package, level)
           ~~~~~~~~~~~~~~~~~~~~~~^^^^^^^^^^^^^^^^^^^^^^^^^^^^^^
  File "<frozen importlib._bootstrap>", line 1398, in _gcd_import
  File "<frozen importlib._bootstrap>", line 1371, in _find_and_load
  File "<frozen importlib._bootstrap>", line 1335, in _find_and_load_unlocked
ModuleNotFoundError: No module named 'candidature_service.settings'
