2026-05-31 03:54:03,836 INFO     Starting server at tcp:port=8003:interface=127.0.0.1
2026-05-31 03:54:03,838 INFO     HTTP/2 support not enabled (install the http2 and tls Twisted extras)
2026-05-31 03:54:03,847 INFO     Configuring endpoint tcp:port=8003:interface=127.0.0.1
2026-05-31 03:54:03,851 INFO     Listening on TCP address 127.0.0.1:8003
2026-05-31 03:57:01,696 WARNING  Unauthorized: /api/candidatures/mes-candidatures/
2026-05-31 04:06:14,130 WARNING  Forbidden: /api/candidatures/my-commissions/
2026-05-31 04:08:41,232 WARNING  Forbidden: /api/candidatures/my-commissions/
2026-05-31 04:17:13,454 WARNING  Forbidden: /api/candidatures/my-commissions/
2026-05-31 04:17:14,995 WARNING  Forbidden: /api/candidatures/my-commissions/
2026-05-31 04:24:25,461 WARNING  Forbidden: /api/candidatures/my-commissions/
2026-05-31 04:24:26,321 WARNING  Forbidden: /api/candidatures/my-commissions/
2026-05-31 04:24:33,291 WARNING  Forbidden: /api/candidatures/my-commissions/
2026-05-31 04:24:35,594 WARNING  Forbidden: /api/candidatures/my-commissions/
2026-05-31 05:23:36,645 WARNING  Unauthorized: /api/candidatures/my-commissions/
2026-05-31 05:24:24,154 WARNING  Unauthorized: /api/candidatures/my-commissions/
2026-05-31 05:33:15,856 WARNING  Forbidden: /api/candidatures/my-commissions/
2026-05-31 05:33:16,690 WARNING  Unauthorized: /api/candidatures/my-commissions/
2026-05-31 05:33:17,056 WARNING  Forbidden: /api/candidatures/my-commissions/
2026-05-31 05:33:17,254 WARNING  Unauthorized: /api/candidatures/my-commissions/
2026-05-31 05:33:36,566 WARNING  Forbidden: /api/candidatures/my-commissions/
2026-05-31 05:33:41,764 WARNING  Forbidden: /api/candidatures/my-commissions/
2026-05-31 05:33:41,767 WARNING  Unauthorized: /api/candidatures/my-commissions/
2026-05-31 05:33:42,558 WARNING  Unauthorized: /api/candidatures/my-commissions/
2026-05-31 05:34:20,254 WARNING  Forbidden: /api/candidatures/my-commissions/
2026-05-31 05:34:20,303 WARNING  Unauthorized: /api/candidatures/my-commissions/
2026-05-31 05:34:21,927 WARNING  Unauthorized: /api/candidatures/my-commissions/
2026-05-31 05:34:21,979 WARNING  Forbidden: /api/candidatures/my-commissions/
2026-05-31 05:34:50,692 WARNING  Forbidden: /api/candidatures/my-commissions/
2026-05-31 05:34:54,254 WARNING  Forbidden: /api/candidatures/my-commissions/
2026-05-31 05:34:56,812 WARNING  Unauthorized: /api/candidatures/my-commissions/
2026-05-31 05:34:57,223 WARNING  Unauthorized: /api/candidatures/my-commissions/
2026-05-31 05:35:22,604 WARNING  Unauthorized: /api/candidatures/my-commissions/
2026-05-31 05:35:22,637 WARNING  Forbidden: /api/candidatures/my-commissions/
2026-05-31 05:35:24,730 WARNING  Forbidden: /api/candidatures/my-commissions/
2026-05-31 05:35:24,735 WARNING  Unauthorized: /api/candidatures/my-commissions/
2026-05-31 05:35:39,303 WARNING  Unauthorized: /api/candidatures/my-commissions/
2026-05-31 05:35:39,325 WARNING  Forbidden: /api/candidatures/my-commissions/
2026-05-31 05:35:40,785 WARNING  Forbidden: /api/candidatures/my-commissions/
2026-05-31 05:35:41,281 WARNING  Unauthorized: /api/candidatures/my-commissions/
2026-05-31 05:36:17,361 WARNING  Unauthorized: /api/candidatures/my-commissions/
2026-05-31 05:36:21,446 WARNING  Forbidden: /api/candidatures/my-commissions/
2026-05-31 05:36:21,455 WARNING  Unauthorized: /api/candidatures/my-commissions/
2026-05-31 05:36:21,883 WARNING  Unauthorized: /api/candidatures/my-commissions/
2026-05-31 05:36:23,198 WARNING  Forbidden: /api/candidatures/my-commissions/
2026-05-31 05:36:27,450 WARNING  Unauthorized: /api/candidatures/my-commissions/
2026-05-31 05:36:36,343 WARNING  Unauthorized: /api/candidatures/my-commissions/
2026-05-31 05:36:38,591 WARNING  Forbidden: /api/candidatures/my-commissions/
2026-05-31 05:36:38,627 WARNING  Unauthorized: /api/candidatures/my-commissions/
2026-05-31 05:36:40,212 WARNING  Forbidden: /api/candidatures/my-commissions/
2026-05-31 05:36:40,515 WARNING  Unauthorized: /api/candidatures/my-commissions/
2026-05-31 05:36:58,344 WARNING  Unauthorized: /api/candidatures/my-commissions/
2026-05-31 05:37:39,340 WARNING  Unauthorized: /api/candidatures/my-commissions/
2026-05-31 05:37:40,077 WARNING  Unauthorized: /api/candidatures/my-commissions/
2026-05-31 05:37:41,999 WARNING  Unauthorized: /api/candidatures/my-commissions/
2026-05-31 05:37:42,002 WARNING  Forbidden: /api/candidatures/my-commissions/
2026-05-31 05:37:42,082 WARNING  Unauthorized: /api/candidatures/my-commissions/
2026-05-31 05:37:42,200 WARNING  Forbidden: /api/candidatures/my-commissions/
2026-05-31 05:39:44,812 WARNING  Unauthorized: /api/candidatures/my-commissions/
2026-05-31 05:39:46,930 WARNING  Unauthorized: /api/candidatures/my-commissions/
2026-05-31 05:39:47,186 WARNING  Unauthorized: /api/candidatures/my-commissions/
2026-05-31 05:39:49,843 WARNING  Forbidden: /api/candidatures/my-commissions/
2026-05-31 05:39:52,173 WARNING  Unauthorized: /api/candidatures/my-commissions/
2026-05-31 05:40:00,715 WARNING  Unauthorized: /api/candidatures/my-commissions/
2026-05-31 05:40:03,093 WARNING  Forbidden: /api/candidatures/my-commissions/
2026-05-31 05:40:04,807 WARNING  Forbidden: /api/candidatures/my-commissions/
2026-05-31 05:40:09,988 WARNING  Unauthorized: /api/candidatures/my-commissions/
2026-05-31 05:40:09,988 WARNING  Unauthorized: /api/candidatures/my-commissions/
2026-05-31 05:40:17,505 WARNING  Unauthorized: /api/candidatures/my-commissions/
