Listen failure: Couldn't listen on 127.0.0.1:8003: [WinError 10048] Une seule utilisation de chaque adresse de socket (protocole/adresse r廥eau/port) est habituellement autoris嶪.
Exception in thread django-main-thread:
Traceback (most recent call last):
  File "C:\Users\HP\AppData\Local\Programs\Python\Python312\Lib\threading.py", line 1075, in _bootstrap_inner
    self.run()
  File "C:\Users\HP\AppData\Local\Programs\Python\Python312\Lib\threading.py", line 1012, in run
    self._target(*self._args, **self._kwargs)
  File "C:\Users\HP\Desktop\PFE\isimm-platform\services\candidature_service\.venv\Lib\site-packages\django\utils\autoreload.py", line 64, in wrapper
    fn(*args, **kwargs)
  File "C:\Users\HPException in thread django-main-thread:
Traceback (most recent call last):
  File "C:\Users\HP\AppData\Local\Programs\Python\Python312\Lib\threading.py", line 1075, in _bootstrap_inner
    self.run()
  File "C:\Users\HP\AppData\Local\Programs\Python\Python312\Lib\threading.py", line 1012, in run
    self._target(*self._args, **self._kwargs)
  File "C:\Users\HP\Desktop\PFE\isimm-platform\services\candidature_service\.venv\Lib\site-packages\django\utils\autoreload.py", line 64, in wrapper
    fn(*args, **kwargs)
  File "C:\Users\HP\Desktop\PFE\isimm-platform\services\candidature_service\.venv\Lib\site-packages\django\core\management\commands\runserver.py", line 125, in inner_run
    autoreload.raise_last_exception()
  File "C:\Users\HP\Desktop\PFE\isimm-platform\services\candidature_service\.venv\Lib\site-packages\django\utils\autoreload.py", line 87, in raise_last_exception
    raise _exception[1]
  File "C:\Users\HP\Desktop\PFE\isimm-platform\services\candidature_service\.venv\Lib\site-packages\django\core\management\__init__.py", line 394, in execute
    autoreload.check_errors(django.setup)()
  File "C:\Users\HP\Desktop\PFE\isimm-platform\services\candidature_service\.venv\Lib\site-packages\django\utils\autoreload.py", line 64, in wrapper
    fn(*args, **kwargs)
  File "C:\Users\HP\Desktop\PFE\isimm-platform\services\candidature_service\.venv\Lib\site-packages\django\__init__.py", line 24, in setup
    apps.populate(settings.INSTALLED_APPS)
  File "C:\Users\HP\Desktop\PFE\isimm-platform\services\candidature_service\.venv\Lib\site-packages\django\apps\registry.py", line 116, in populate
    app_config.import_models()
  File "C:\Users\HP\Desktop\PFE\isimm-platform\services\candidature_service\.venv\Lib\site-packages\django\apps\config.py", line 269, in import_models
    self.models_module = import_module(models_module_name)
                         ^^^^^^^^^^^^^^^^^^^^^^^^^^^^^^^^^
  File "C:\Users\HP\AppData\Local\Programs\Python\Python312\Lib\importlib\__init__.py", line 90, in import_module
    return _bootstrap._gcd_import(name[level:], package, level)
           ^^^^^^^^^^^^^^^^^^^^^^^^^^^^^^^^^^^^^^^^^^^^^^^^^^^^
  File "<frozen importlib._bootstrap>", line 1387, in _gcd_import
  File "<frozen importlib._bootstrap>", line 1360, in _find_and_load
  File "<frozen importlib._bootstrap>", line 1331, in _find_and_load_unlocked
  File "<frozen importlib._bootstrap>", line 935, in _load_unlocked
  File "<frozen importlib._bootstrap_external>", line 999, in exec_module
  File "<frozen importlib._bootstrap>", line 488, in _call_with_frames_removed
  File "C:\Exception in thread django-main-thread:
Traceback (most recent call last):
  File "C:\Users\HP\AppData\Local\Programs\Python\Python312\Lib\threading.py", line 1075, in _bootstrap_inner
    self.run()
  File "C:\Users\HP\AppData\Local\Programs\Python\Python312\Lib\threading.py", line 1012, in run
    self._target(*self._args, **self._kwargs)
  File "C:\Users\HP\Desktop\PFE\isimm-platform\services\candidature_service\.venv\Lib\site-packages\django\utils\autoreload.py", line 64, in wrapper
    fn(*args, **kwargs)
  File "C:\Users\HP\Desktop\PFE\isimm-platform\services\candidature_service\.venv\Lib\site-packages\django\core\management\commands\runserver.py", line 125, in inner_run
    autoreload.raise_last_exception()
  File "C:\Users\HP\Desktop\PFE\isimm-platform\services\candidature_service\.venv\Lib\site-packages\django\utils\autoreload.py", line 87, in raise_last_exception
    raise _exception[1]
  File "C:\Users\HP\Desktop\PFE\isimm-platform\services\candidature_service\.venv\Lib\site-packages\django\core\management\__init__.py", line 394, in execute
    autoreload.check_errors(django.setup)()
  File "C:\Users\HP\Desktop\PFE\isimm-platform\services\candidature_service\.venv\Lib\site-packages\django\utils\autoreload.py", line 64, in wrapper
    fn(*args, **kwargs)
  File "C:\Users\HP\Desktop\PFE\isimm-platform\services\candidature_service\.venv\Lib\site-packages\django\__init__.py", line 24, in setup
    apps.populate(settings.INSTALLED_APPS)
  File "C:\Users\HP\Desktop\PFE\isimm-platform\services\candidature_service\.venv\Lib\site-packages\django\apps\registry.py", line 116, in populate
    app_config.import_models()
  File "C:\Users\HP\Desktop\PFE\isimm-platform\services\candidature_service\.venv\Lib\site-packages\django\apps\config.py", line 269, in import_models
    self.models_module = import_module(models_module_name)
                         ^^^^^^^^^^^^^^^^^^^^^^^^^^^^^^^^^
  File "C:\Users\HP\AppData\Local\Programs\Python\Python312\Lib\importlib\__init__.py", line 90, in import_module
    return _bootstrap._gcd_import(name[level:], package, level)
           ^^^^^^^^^^^^^^^^^^^^^^^^^^^^^^^^^^^^^^^^^^^^^^^^^^^^
  File "<frozen importlib._bootstrap>", line 1387, in _gcd_import
  File "<frozen importlib._bootstrap>", line 1360, in _find_and_load
  File "<frozen importlib._bootstrap>", line 1331, in _find_and_load_unlocked
  File "<frozen importlib._bootstrap>", line 935, in _load_unlocked
  File "<frozen importlib._bootstrap_external>", line 999, in exec_module
  File "<frozen importlib._bootstrap>", line 488, in _call_with_frames_removed
  File "C:\Users\HP\Desktop\PFE\isimm-platform\services\candidature_service\candidature_app\models.py", line 735, in <module>
    class AvisSelection(models.Model):
  File "C:\Users\HP\Desktop\PFE\isimm-platform\services\candidature_service\candidature_app\models.py", line 761, in AvisSelection
    class Meta:
  File "C:\Users\HP\Desktop\PFE\isimm-platform\services\candidature_service\candidature_app\models.py", line 768, in Meta
    models.CheckConstraint(
TypeError: CheckConstraint.__init__() got an unexpected keyword argument 'condition'
Exception in thread django-main-thread:
Traceback (most recent call last):
  File "C:\Users\HP\AppData\Local\Programs\Python\Python312\Lib\threading.py", line 1075, in _bootstrap_inner
    self.run()
  File "C:\Users\HP\AppData\Local\Programs\Python\Python312\Lib\threading.py", line 1012, in run
    self._target(*self._args, **self._kwargs)
  File "C:\UsException in thread django-main-thread:
Traceback (most recent call last):
  File "C:\Users\HP\AppData\Local\Programs\Python\Python312\Lib\threading.py", line 1075, in _bootstrap_inner
    self.run()
  File "C:\Users\HP\AppData\Local\Programs\Python\Python312\Lib\threading.py", line 1012, in run
    self._target(*self._args, **self._kwargs)
  File "C:\Users\HP\Desktop\PFE\isimm-platform\services\candidature_service\.venv\Lib\site-packages\django\utils\autoreload.py", line 64, in wrapper
    fn(*args, **kwargs)
  File "C:\Users\HP\Desktop\PFE\isimm-platform\services\candidature_service\.venv\Lib\site-packages\django\core\management\commands\runserver.py", line 125, in inner_run
    autoreload.raise_last_exception()
  File "C:\Users\HP\Desktop\PFE\isimm-platform\services\candidature_service\.venv\Lib\site-packages\django\utils\autoreload.py", line 87, in raise_last_exception
    raise _exception[1]
  File "C:\Users\HP\Desktop\PFE\isimm-platform\services\candidature_service\.venv\Lib\site-packages\django\core\management\__init__.py", line 394, in execute
    autoreload.check_errors(django.setup)()
  File "C:\Users\HP\Desktop\PFE\isimm-platform\services\candidature_service\.venv\Lib\site-packages\django\utils\autoreload.py", line 64, in wrapper
    fn(*args, **kwargs)
  File "C:\Users\HP\Desktop\PFE\isimm-platform\services\candidature_service\.venv\Lib\site-packages\django\__init__.py", line 24, in setup
    apps.populate(settings.INSTALLED_APPS)
  File "C:\Users\HP\Desktop\PFE\isimm-platform\services\candidature_service\.venv\Lib\site-packages\django\apps\registry.py", line 116, in populate
    app_config.import_models()
  File "C:\Users\HP\Desktop\PFE\isimm-platform\services\candidature_service\.venv\Lib\site-packages\django\apps\config.py", line 269, in import_models
    self.models_module = import_module(models_module_name)
                         ^^^^^^^^^^^^^^^^^^^^^^^^^^^^^^^^^
  File "C:\Users\HP\AppData\Local\Programs\Python\Python312\Lib\importlib\__init__.py", line 90, in import_module
    return _bootstrap._gcd_import(name[level:], package, level)
           ^^^^^^^^^^^^^^^^^^^^^^^^^^^^^^^^^^^^^^^^^^^^^^^^^^^^
  File "<frozen importlib._bootstrap>", line 1387, in _gcd_import
  File "<frozen importlib._bootstrap>", line 1360, in _find_and_load
  File "<frozen importlib._bootstrap>", line 1331, in _find_and_load_unlocked
  File "<frozen importlib._bootstrap>", line 935, in _load_unlocked
  File "<frozen importlib._bootstrap_external>", line 999, in exec_module
  File "<frozen importlib._bootstrap>", line 488, in _call_with_frames_removed
  File "C:\Users\HP\Desktop\PFE\isimm-platform\services\candidature_service\candidature_app\models.py", line 740, in <module>
    class AvisSelection(models.Model):
  File "C:\Users\HP\Desktop\PFE\isimm-platform\services\candidature_service\candidature_app\models.py", line 766, in AvisSelection
    class Meta:
  File "C:\Users\HP\Desktop\PFE\isimm-platform\services\candidature_service\candidature_app\models.py", line 773, in Meta
    models.CheckConstraint(
TypeError: CheckConstraint.__init__() got an unexpected keyword argument 'condition'
andidature_service\candidature_app\models.py", line 773, in Meta
    models.CheckConstraint(
TypeError: CheckConstraint.__init__() got an unexpected keyword argument 'condition'
